{"meta": {"format": 3, "version": "7.15.4", "timestamp": "2026-08-17T02:53:45.920018", "branch_coverage": true, "show_contexts": false}, "files": {"src\\glio_proteogen\\contracts\\m04_06\\__init__.py": {"executed_lines": [3, 41, 47, 135], "summary": {"covered_lines": 4, "num_statements": 4, "percent_covered": 100.0, "percent_covered_display": "100", "missing_lines": 0, "excluded_lines": 0, "percent_statements_covered": 100.0, "percent_statements_covered_display": "100", "num_branches": 0, "num_partial_branches": 0, "covered_branches": 0, "missing_branches": 0, "percent_branches_covered": 100.0, "percent_branches_covered_display": "100"}, "missing_lines": [], "excluded_lines": [], "executed_branches": [], "missing_branches": [], "functions": {"": {"executed_lines": [3, 41, 47, 135], "summary": {"covered_lines": 4, "num_statements": 4, "percent_covered": 100.0, "percent_covered_display": "100", "missing_lines": 0, "excluded_lines": 0, "percent_statements_covered": 100.0, "percent_statements_covered_display": "100", "num_branches": 0, "num_partial_branches": 0, "covered_branches": 0, "missing_branches": 0, "percent_branches_covered": 100.0, "percent_branches_covered_display": "100"}, "missing_lines": [], "excluded_lines": [], "start_line": 1, "executed_branches": [], "missing_branches": []}}, "classes": {"": {"executed_lines": [3, 41, 47, 135], "summary": {"covered_lines": 4, "num_statements": 4, "percent_covered": 100.0, "percent_covered_display": "100", "missing_lines": 0, "excluded_lines": 0, "percent_statements_covered": 100.0, "percent_statements_covered_display": "100", "num_branches": 0, "num_partial_branches": 0, "covered_branches": 0, "missing_branches": 0, "percent_branches_covered": 100.0, "percent_branches_covered_display": "100"}, "missing_lines": [], "excluded_lines": [], "start_line": 1, "executed_branches": [], "missing_branches": []}}}, "src\\glio_proteogen\\contracts\\m04_06\\canonical.py": {"executed_lines": [3, 5, 7, 8, 15, 18, 19, 21, 24, 27, 28, 31, 32, 33, 34, 35, 38, 41, 44, 45, 46, 47, 50, 51, 52, 53, 56, 57, 60, 61, 64, 65, 66, 67, 68, 71, 72, 75, 76, 79, 80, 81, 82, 83, 86, 87, 90, 91, 92, 95, 96, 99, 100, 101, 102, 105, 106, 109, 110, 111, 112, 113, 116, 117, 120, 121, 122, 128, 129, 135, 138, 139, 142, 143, 144, 145, 148, 149, 152, 153, 156, 157, 158, 159, 160, 161, 162, 163, 166, 167, 170, 171, 174, 175, 178, 179, 180, 183, 184, 187, 188, 189, 195, 198, 201, 202, 203, 206, 207, 210, 211, 212, 218, 221, 222, 223, 224, 227, 228, 229, 230, 233, 234, 237, 238, 239, 240, 241, 244, 245, 246, 247, 248, 249, 250, 251, 254, 255, 256, 257, 258, 259, 260, 261, 264, 267, 271, 272, 275], "summary": {"covered_lines": 149, "num_statements": 150, "percent_covered": 99.38271604938272, "percent_covered_display": "99", "missing_lines": 1, "excluded_lines": 5, "percent_statements_covered": 99.33333333333333, "percent_statements_covered_display": "99", "num_branches": 12, "num_partial_branches": 0, "covered_branches": 12, "missing_branches": 0, "percent_branches_covered": 100.0, "percent_branches_covered_display": "100"}, "missing_lines": [268], "excluded_lines": [10, 11, 13, 22, 23], "executed_branches": [[122, 128], [122, 129], [160, 161], [160, 162], [239, 240], [239, 241], [248, 249], [248, 250], [250, 251], [250, 254], [254, 255], [254, 256]], "missing_branches": [], "functions": {"_dump": {"executed_lines": [19, 21, 24], "summary": {"covered_lines": 3, "num_statements": 3, "percent_covered": 100.0, "percent_covered_display": "100", "missing_lines": 0, "excluded_lines": 2, "percent_statements_covered": 100.0, "percent_statements_covered_display": "100", "num_branches": 0, "num_partial_branches": 0, "covered_branches": 0, "missing_branches": 0, "percent_branches_covered": 100.0, "percent_branches_covered_display": "100"}, "missing_lines": [], "excluded_lines": [22, 23], "start_line": 18, "executed_branches": [], "missing_branches": []}, "_sort": {"executed_lines": [28], "summary": {"covered_lines": 1, "num_statements": 1, "percent_covered": 100.0, "percent_covered_display": "100", "missing_lines": 0, "excluded_lines": 0, "percent_statements_covered": 100.0, "percent_statements_covered_display": "100", "num_branches": 0, "num_partial_branches": 0, "covered_branches": 0, "missing_branches": 0, "percent_branches_covered": 100.0, "percent_branches_covered_display": "100"}, "missing_lines": [], "excluded_lines": [], "start_line": 27, "executed_branches": [], "missing_branches": []}, "normalized_target_receipt": {"executed_lines": [32, 33, 34, 35], "summary": {"covered_lines": 4, "num_statements": 4, "percent_covered": 100.0, "percent_covered_display": "100", "missing_lines": 0, "excluded_lines": 0, "percent_statements_covered": 100.0, "percent_statements_covered_display": "100", "num_branches": 0, "num_partial_branches": 0, "covered_branches": 0, "missing_branches": 0, "percent_branches_covered": 100.0, "percent_branches_covered_display": "100"}, "missing_lines": [], "excluded_lines": [], "start_line": 31, "executed_branches": [], "missing_branches": []}, "target_binding_digest": {"executed_lines": [41], "summary": {"covered_lines": 1, "num_statements": 1, "percent_covered": 100.0, "percent_covered_display": "100", "missing_lines": 0, "excluded_lines": 0, "percent_statements_covered": 100.0, "percent_statements_covered_display": "100", "num_branches": 0, "num_partial_branches": 0, "covered_branches": 0, "missing_branches": 0, "percent_branches_covered": 100.0, "percent_branches_covered_display": "100"}, "missing_lines": [], "excluded_lines": [], "start_line": 38, "executed_branches": [], "missing_branches": []}, "normalized_artifact_receipt": {"executed_lines": [45, 46, 47], "summary": {"covered_lines": 3, "num_statements": 3, "percent_covered": 100.0, "percent_covered_display": "100", "missing_lines": 0, "excluded_lines": 0, "percent_statements_covered": 100.0, "percent_statements_covered_display": "100", "num_branches": 0, "num_partial_branches": 0, "covered_branches": 0, "missing_branches": 0, "percent_branches_covered": 100.0, "percent_branches_covered_display": "100"}, "missing_lines": [], "excluded_lines": [], "start_line": 44, "executed_branches": [], "missing_branches": []}, "normalized_artifact_receipt_payload": {"executed_lines": [51, 52, 53], "summary": {"covered_lines": 3, "num_statements": 3, "percent_covered": 100.0, "percent_covered_display": "100", "missing_lines": 0, "excluded_lines": 0, "percent_statements_covered": 100.0, "percent_statements_covered_display": "100", "num_branches": 0, "num_partial_branches": 0, "covered_branches": 0, "missing_branches": 0, "percent_branches_covered": 100.0, "percent_branches_covered_display": "100"}, "missing_lines": [], "excluded_lines": [], "start_line": 50, "executed_branches": [], "missing_branches": []}, "artifact_receipt_digest": {"executed_lines": [57], "summary": {"covered_lines": 1, "num_statements": 1, "percent_covered": 100.0, "percent_covered_display": "100", "missing_lines": 0, "excluded_lines": 0, "percent_statements_covered": 100.0, "percent_statements_covered_display": "100", "num_branches": 0, "num_partial_branches": 0, "covered_branches": 0, "missing_branches": 0, "percent_branches_covered": 100.0, "percent_branches_covered_display": "100"}, "missing_lines": [], "excluded_lines": [], "start_line": 56, "executed_branches": [], "missing_branches": []}, "normalized_factor_level": {"executed_lines": [61], "summary": {"covered_lines": 1, "num_statements": 1, "percent_covered": 100.0, "percent_covered_display": "100", "missing_lines": 0, "excluded_lines": 0, "percent_statements_covered": 100.0, "percent_statements_covered_display": "100", "num_branches": 0, "num_partial_branches": 0, "covered_branches": 0, "missing_branches": 0, "percent_branches_covered": 100.0, "percent_branches_covered_display": "100"}, "missing_lines": [], "excluded_lines": [], "start_line": 60, "executed_branches": [], "missing_branches": []}, "normalized_observation": {"executed_lines": [65, 66, 67, 68, 71, 72], "summary": {"covered_lines": 6, "num_statements": 6, "percent_covered": 100.0, "percent_covered_display": "100", "missing_lines": 0, "excluded_lines": 0, "percent_statements_covered": 100.0, "percent_statements_covered_display": "100", "num_branches": 0, "num_partial_branches": 0, "covered_branches": 0, "missing_branches": 0, "percent_branches_covered": 100.0, "percent_branches_covered_display": "100"}, "missing_lines": [], "excluded_lines": [], "start_line": 64, "executed_branches": [], "missing_branches": []}, "observation_digest": {"executed_lines": [76], "summary": {"covered_lines": 1, "num_statements": 1, "percent_covered": 100.0, "percent_covered_display": "100", "missing_lines": 0, "excluded_lines": 0, "percent_statements_covered": 100.0, "percent_statements_covered_display": "100", "num_branches": 0, "num_partial_branches": 0, "covered_branches": 0, "missing_branches": 0, "percent_branches_covered": 100.0, "percent_branches_covered_display": "100"}, "missing_lines": [], "excluded_lines": [], "start_line": 75, "executed_branches": [], "missing_branches": []}, "normalized_invariant": {"executed_lines": [80, 81, 82, 83], "summary": {"covered_lines": 4, "num_statements": 4, "percent_covered": 100.0, "percent_covered_display": "100", "missing_lines": 0, "excluded_lines": 0, "percent_statements_covered": 100.0, "percent_statements_covered_display": "100", "num_branches": 0, "num_partial_branches": 0, "covered_branches": 0, "missing_branches": 0, "percent_branches_covered": 100.0, "percent_branches_covered_display": "100"}, "missing_lines": [], "excluded_lines": [], "start_line": 79, "executed_branches": [], "missing_branches": []}, "invariant_digest": {"executed_lines": [87], "summary": {"covered_lines": 1, "num_statements": 1, "percent_covered": 100.0, "percent_covered_display": "100", "missing_lines": 0, "excluded_lines": 0, "percent_statements_covered": 100.0, "percent_statements_covered_display": "100", "num_branches": 0, "num_partial_branches": 0, "covered_branches": 0, "missing_branches": 0, "percent_branches_covered": 100.0, "percent_branches_covered_display": "100"}, "missing_lines": [], "excluded_lines": [], "start_line": 86, "executed_branches": [], "missing_branches": []}, "normalized_support_ledger": {"executed_lines": [91, 92, 95, 96], "summary": {"covered_lines": 4, "num_statements": 4, "percent_covered": 100.0, "percent_covered_display": "100", "missing_lines": 0, "excluded_lines": 0, "percent_statements_covered": 100.0, "percent_statements_covered_display": "100", "num_branches": 0, "num_partial_branches": 0, "covered_branches": 0, "missing_branches": 0, "percent_branches_covered": 100.0, "percent_branches_covered_display": "100"}, "missing_lines": [], "excluded_lines": [], "start_line": 90, "executed_branches": [], "missing_branches": []}, "normalized_support_ledger_payload": {"executed_lines": [100, 101, 102], "summary": {"covered_lines": 3, "num_statements": 3, "percent_covered": 100.0, "percent_covered_display": "100", "missing_lines": 0, "excluded_lines": 0, "percent_statements_covered": 100.0, "percent_statements_covered_display": "100", "num_branches": 0, "num_partial_branches": 0, "covered_branches": 0, "missing_branches": 0, "percent_branches_covered": 100.0, "percent_branches_covered_display": "100"}, "missing_lines": [], "excluded_lines": [], "start_line": 99, "executed_branches": [], "missing_branches": []}, "support_ledger_digest": {"executed_lines": [106], "summary": {"covered_lines": 1, "num_statements": 1, "percent_covered": 100.0, "percent_covered_display": "100", "missing_lines": 0, "excluded_lines": 0, "percent_statements_covered": 100.0, "percent_statements_covered_display": "100", "num_branches": 0, "num_partial_branches": 0, "covered_branches": 0, "missing_branches": 0, "percent_branches_covered": 100.0, "percent_branches_covered_display": "100"}, "missing_lines": [], "excluded_lines": [], "start_line": 105, "executed_branches": [], "missing_branches": []}, "normalized_stage": {"executed_lines": [110, 111, 112, 113], "summary": {"covered_lines": 4, "num_statements": 4, "percent_covered": 100.0, "percent_covered_display": "100", "missing_lines": 0, "excluded_lines": 0, "percent_statements_covered": 100.0, "percent_statements_covered_display": "100", "num_branches": 0, "num_partial_branches": 0, "covered_branches": 0, "missing_branches": 0, "percent_branches_covered": 100.0, "percent_branches_covered_display": "100"}, "missing_lines": [], "excluded_lines": [], "start_line": 109, "executed_branches": [], "missing_branches": []}, "stage_digest": {"executed_lines": [117], "summary": {"covered_lines": 1, "num_statements": 1, "percent_covered": 100.0, "percent_covered_display": "100", "missing_lines": 0, "excluded_lines": 0, "percent_statements_covered": 100.0, "percent_statements_covered_display": "100", "num_branches": 0, "num_partial_branches": 0, "covered_branches": 0, "missing_branches": 0, "percent_branches_covered": 100.0, "percent_branches_covered_display": "100"}, "missing_lines": [], "excluded_lines": [], "start_line": 116, "executed_branches": [], "missing_branches": []}, "normalized_profile": {"executed_lines": [121, 122, 128, 129, 135], "summary": {"covered_lines": 5, "num_statements": 5, "percent_covered": 100.0, "percent_covered_display": "100", "missing_lines": 0, "excluded_lines": 0, "percent_statements_covered": 100.0, "percent_statements_covered_display": "100", "num_branches": 2, "num_partial_branches": 0, "covered_branches": 2, "missing_branches": 0, "percent_branches_covered": 100.0, "percent_branches_covered_display": "100"}, "missing_lines": [], "excluded_lines": [], "start_line": 120, "executed_branches": [[122, 128], [122, 129]], "missing_branches": []}, "profile_digest": {"executed_lines": [139], "summary": {"covered_lines": 1, "num_statements": 1, "percent_covered": 100.0, "percent_covered_display": "100", "missing_lines": 0, "excluded_lines": 0, "percent_statements_covered": 100.0, "percent_statements_covered_display": "100", "num_branches": 0, "num_partial_branches": 0, "covered_branches": 0, "missing_branches": 0, "percent_branches_covered": 100.0, "percent_branches_covered_display": "100"}, "missing_lines": [], "excluded_lines": [], "start_line": 138, "executed_branches": [], "missing_branches": []}, "normalized_policy": {"executed_lines": [143, 144, 145], "summary": {"covered_lines": 3, "num_statements": 3, "percent_covered": 100.0, "percent_covered_display": "100", "missing_lines": 0, "excluded_lines": 0, "percent_statements_covered": 100.0, "percent_statements_covered_display": "100", "num_branches": 0, "num_partial_branches": 0, "covered_branches": 0, "missing_branches": 0, "percent_branches_covered": 100.0, "percent_branches_covered_display": "100"}, "missing_lines": [], "excluded_lines": [], "start_line": 142, "executed_branches": [], "missing_branches": []}, "policy_digest": {"executed_lines": [149], "summary": {"covered_lines": 1, "num_statements": 1, "percent_covered": 100.0, "percent_covered_display": "100", "missing_lines": 0, "excluded_lines": 0, "percent_statements_covered": 100.0, "percent_statements_covered_display": "100", "num_branches": 0, "num_partial_branches": 0, "covered_branches": 0, "missing_branches": 0, "percent_branches_covered": 100.0, "percent_branches_covered_display": "100"}, "missing_lines": [], "excluded_lines": [], "start_line": 148, "executed_branches": [], "missing_branches": []}, "configuration_digest": {"executed_lines": [153], "summary": {"covered_lines": 1, "num_statements": 1, "percent_covered": 100.0, "percent_covered_display": "100", "missing_lines": 0, "excluded_lines": 0, "percent_statements_covered": 100.0, "percent_statements_covered_display": "100", "num_branches": 0, "num_partial_branches": 0, "covered_branches": 0, "missing_branches": 0, "percent_branches_covered": 100.0, "percent_branches_covered_display": "100"}, "missing_lines": [], "excluded_lines": [], "start_line": 152, "executed_branches": [], "missing_branches": []}, "normalized_request": {"executed_lines": [157, 158, 159, 160, 161, 162, 163], "summary": {"covered_lines": 7, "num_statements": 7, "percent_covered": 100.0, "percent_covered_display": "100", "missing_lines": 0, "excluded_lines": 0, "percent_statements_covered": 100.0, "percent_statements_covered_display": "100", "num_branches": 2, "num_partial_branches": 0, "covered_branches": 2, "missing_branches": 0, "percent_branches_covered": 100.0, "percent_branches_covered_display": "100"}, "missing_lines": [], "excluded_lines": [], "start_line": 156, "executed_branches": [[160, 161], [160, 162]], "missing_branches": []}, "canonical_request_digest": {"executed_lines": [167], "summary": {"covered_lines": 1, "num_statements": 1, "percent_covered": 100.0, "percent_covered_display": "100", "missing_lines": 0, "excluded_lines": 0, "percent_statements_covered": 100.0, "percent_statements_covered_display": "100", "num_branches": 0, "num_partial_branches": 0, "covered_branches": 0, "missing_branches": 0, "percent_branches_covered": 100.0, "percent_branches_covered_display": "100"}, "missing_lines": [], "excluded_lines": [], "start_line": 166, "executed_branches": [], "missing_branches": []}, "normalized_level_shift": {"executed_lines": [171], "summary": {"covered_lines": 1, "num_statements": 1, "percent_covered": 100.0, "percent_covered_display": "100", "missing_lines": 0, "excluded_lines": 0, "percent_statements_covered": 100.0, "percent_statements_covered_display": "100", "num_branches": 0, "num_partial_branches": 0, "covered_branches": 0, "missing_branches": 0, "percent_branches_covered": 100.0, "percent_branches_covered_display": "100"}, "missing_lines": [], "excluded_lines": [], "start_line": 170, "executed_branches": [], "missing_branches": []}, "normalized_adjustment": {"executed_lines": [175], "summary": {"covered_lines": 1, "num_statements": 1, "percent_covered": 100.0, "percent_covered_display": "100", "missing_lines": 0, "excluded_lines": 0, "percent_statements_covered": 100.0, "percent_statements_covered_display": "100", "num_branches": 0, "num_partial_branches": 0, "covered_branches": 0, "missing_branches": 0, "percent_branches_covered": 100.0, "percent_branches_covered_display": "100"}, "missing_lines": [], "excluded_lines": [], "start_line": 174, "executed_branches": [], "missing_branches": []}, "normalized_stage_transformation": {"executed_lines": [179, 180, 183, 184], "summary": {"covered_lines": 4, "num_statements": 4, "percent_covered": 100.0, "percent_covered_display": "100", "missing_lines": 0, "excluded_lines": 0, "percent_statements_covered": 100.0, "percent_statements_covered_display": "100", "num_branches": 0, "num_partial_branches": 0, "covered_branches": 0, "missing_branches": 0, "percent_branches_covered": 100.0, "percent_branches_covered_display": "100"}, "missing_lines": [], "excluded_lines": [], "start_line": 178, "executed_branches": [], "missing_branches": []}, "normalized_transformation_manifest": {"executed_lines": [188, 189, 195], "summary": {"covered_lines": 3, "num_statements": 3, "percent_covered": 100.0, "percent_covered_display": "100", "missing_lines": 0, "excluded_lines": 0, "percent_statements_covered": 100.0, "percent_statements_covered_display": "100", "num_branches": 0, "num_partial_branches": 0, "covered_branches": 0, "missing_branches": 0, "percent_branches_covered": 100.0, "percent_branches_covered_display": "100"}, "missing_lines": [], "excluded_lines": [], "start_line": 187, "executed_branches": [], "missing_branches": []}, "normalized_transformation_manifest_payload": {"executed_lines": [201, 202, 203], "summary": {"covered_lines": 3, "num_statements": 3, "percent_covered": 100.0, "percent_covered_display": "100", "missing_lines": 0, "excluded_lines": 0, "percent_statements_covered": 100.0, "percent_statements_covered_display": "100", "num_branches": 0, "num_partial_branches": 0, "covered_branches": 0, "missing_branches": 0, "percent_branches_covered": 100.0, "percent_branches_covered_display": "100"}, "missing_lines": [], "excluded_lines": [], "start_line": 198, "executed_branches": [], "missing_branches": []}, "transformation_manifest_digest": {"executed_lines": [207], "summary": {"covered_lines": 1, "num_statements": 1, "percent_covered": 100.0, "percent_covered_display": "100", "missing_lines": 0, "excluded_lines": 0, "percent_statements_covered": 100.0, "percent_statements_covered_display": "100", "num_branches": 0, "num_partial_branches": 0, "covered_branches": 0, "missing_branches": 0, "percent_branches_covered": 100.0, "percent_branches_covered_display": "100"}, "missing_lines": [], "excluded_lines": [], "start_line": 206, "executed_branches": [], "missing_branches": []}, "normalized_harmonized_value": {"executed_lines": [211, 212, 218], "summary": {"covered_lines": 3, "num_statements": 3, "percent_covered": 100.0, "percent_covered_display": "100", "missing_lines": 0, "excluded_lines": 0, "percent_statements_covered": 100.0, "percent_statements_covered_display": "100", "num_branches": 0, "num_partial_branches": 0, "covered_branches": 0, "missing_branches": 0, "percent_branches_covered": 100.0, "percent_branches_covered_display": "100"}, "missing_lines": [], "excluded_lines": [], "start_line": 210, "executed_branches": [], "missing_branches": []}, "normalized_analysis": {"executed_lines": [222, 223, 224], "summary": {"covered_lines": 3, "num_statements": 3, "percent_covered": 100.0, "percent_covered_display": "100", "missing_lines": 0, "excluded_lines": 0, "percent_statements_covered": 100.0, "percent_statements_covered_display": "100", "num_branches": 0, "num_partial_branches": 0, "covered_branches": 0, "missing_branches": 0, "percent_branches_covered": 100.0, "percent_branches_covered_display": "100"}, "missing_lines": [], "excluded_lines": [], "start_line": 221, "executed_branches": [], "missing_branches": []}, "normalized_analysis_payload": {"executed_lines": [228, 229, 230], "summary": {"covered_lines": 3, "num_statements": 3, "percent_covered": 100.0, "percent_covered_display": "100", "missing_lines": 0, "excluded_lines": 0, "percent_statements_covered": 100.0, "percent_statements_covered_display": "100", "num_branches": 0, "num_partial_branches": 0, "covered_branches": 0, "missing_branches": 0, "percent_branches_covered": 100.0, "percent_branches_covered_display": "100"}, "missing_lines": [], "excluded_lines": [], "start_line": 227, "executed_branches": [], "missing_branches": []}, "analysis_digest": {"executed_lines": [234], "summary": {"covered_lines": 1, "num_statements": 1, "percent_covered": 100.0, "percent_covered_display": "100", "missing_lines": 0, "excluded_lines": 0, "percent_statements_covered": 100.0, "percent_statements_covered_display": "100", "num_branches": 0, "num_partial_branches": 0, "covered_branches": 0, "missing_branches": 0, "percent_branches_covered": 100.0, "percent_branches_covered_display": "100"}, "missing_lines": [], "excluded_lines": [], "start_line": 233, "executed_branches": [], "missing_branches": []}, "normalized_finding": {"executed_lines": [238, 239, 240, 241], "summary": {"covered_lines": 4, "num_statements": 4, "percent_covered": 100.0, "percent_covered_display": "100", "missing_lines": 0, "excluded_lines": 0, "percent_statements_covered": 100.0, "percent_statements_covered_display": "100", "num_branches": 2, "num_partial_branches": 0, "covered_branches": 2, "missing_branches": 0, "percent_branches_covered": 100.0, "percent_branches_covered_display": "100"}, "missing_lines": [], "excluded_lines": [], "start_line": 237, "executed_branches": [[239, 240], [239, 241]], "missing_branches": []}, "normalized_result_payload": {"executed_lines": [245, 246, 247, 248, 249, 250, 251, 254, 255, 256, 257, 258, 259, 260, 261, 264], "summary": {"covered_lines": 16, "num_statements": 16, "percent_covered": 100.0, "percent_covered_display": "100", "missing_lines": 0, "excluded_lines": 0, "percent_statements_covered": 100.0, "percent_statements_covered_display": "100", "num_branches": 6, "num_partial_branches": 0, "covered_branches": 6, "missing_branches": 0, "percent_branches_covered": 100.0, "percent_branches_covered_display": "100"}, "missing_lines": [], "excluded_lines": [], "start_line": 244, "executed_branches": [[248, 249], [248, 250], [250, 251], [250, 254], [254, 255], [254, 256]], "missing_branches": []}, "normalized_result": {"executed_lines": [], "summary": {"covered_lines": 0, "num_statements": 1, "percent_covered": 0.0, "percent_covered_display": "0", "missing_lines": 1, "excluded_lines": 0, "percent_statements_covered": 0.0, "percent_statements_covered_display": "0", "num_branches": 0, "num_partial_branches": 0, "covered_branches": 0, "missing_branches": 0, "percent_branches_covered": 100.0, "percent_branches_covered_display": "100"}, "missing_lines": [268], "excluded_lines": [], "start_line": 267, "executed_branches": [], "missing_branches": []}, "result_payload_digest": {"executed_lines": [272], "summary": {"covered_lines": 1, "num_statements": 1, "percent_covered": 100.0, "percent_covered_display": "100", "missing_lines": 0, "excluded_lines": 0, "percent_statements_covered": 100.0, "percent_statements_covered_display": "100", "num_branches": 0, "num_partial_branches": 0, "covered_branches": 0, "missing_branches": 0, "percent_branches_covered": 100.0, "percent_branches_covered_display": "100"}, "missing_lines": [], "excluded_lines": [], "start_line": 271, "executed_branches": [], "missing_branches": []}, "": {"executed_lines": [3, 5, 7, 8, 15, 18, 27, 31, 38, 44, 50, 56, 60, 64, 75, 79, 86, 90, 99, 105, 109, 116, 120, 138, 142, 148, 152, 156, 166, 170, 174, 178, 187, 198, 206, 210, 221, 227, 233, 237, 244, 267, 271, 275], "summary": {"covered_lines": 44, "num_statements": 44, "percent_covered": 100.0, "percent_covered_display": "100", "missing_lines": 0, "excluded_lines": 3, "percent_statements_covered": 100.0, "percent_statements_covered_display": "100", "num_branches": 0, "num_partial_branches": 0, "covered_branches": 0, "missing_branches": 0, "percent_branches_covered": 100.0, "percent_branches_covered_display": "100"}, "missing_lines": [], "excluded_lines": [10, 11, 13], "start_line": 1, "executed_branches": [], "missing_branches": []}}, "classes": {"": {"executed_lines": [3, 5, 7, 8, 15, 18, 19, 21, 24, 27, 28, 31, 32, 33, 34, 35, 38, 41, 44, 45, 46, 47, 50, 51, 52, 53, 56, 57, 60, 61, 64, 65, 66, 67, 68, 71, 72, 75, 76, 79, 80, 81, 82, 83, 86, 87, 90, 91, 92, 95, 96, 99, 100, 101, 102, 105, 106, 109, 110, 111, 112, 113, 116, 117, 120, 121, 122, 128, 129, 135, 138, 139, 142, 143, 144, 145, 148, 149, 152, 153, 156, 157, 158, 159, 160, 161, 162, 163, 166, 167, 170, 171, 174, 175, 178, 179, 180, 183, 184, 187, 188, 189, 195, 198, 201, 202, 203, 206, 207, 210, 211, 212, 218, 221, 222, 223, 224, 227, 228, 229, 230, 233, 234, 237, 238, 239, 240, 241, 244, 245, 246, 247, 248, 249, 250, 251, 254, 255, 256, 257, 258, 259, 260, 261, 264, 267, 271, 272, 275], "summary": {"covered_lines": 149, "num_statements": 150, "percent_covered": 99.38271604938272, "percent_covered_display": "99", "missing_lines": 1, "excluded_lines": 5, "percent_statements_covered": 99.33333333333333, "percent_statements_covered_display": "99", "num_branches": 12, "num_partial_branches": 0, "covered_branches": 12, "missing_branches": 0, "percent_branches_covered": 100.0, "percent_branches_covered_display": "100"}, "missing_lines": [268], "excluded_lines": [10, 11, 13, 22, 23], "start_line": 1, "executed_branches": [[122, 128], [122, 129], [160, 161], [160, 162], [239, 240], [239, 241], [248, 249], [248, 250], [250, 251], [250, 254], [254, 255], [254, 256]], "missing_branches": []}}}, "src\\glio_proteogen\\contracts\\m04_06\\schema.py": {"executed_lines": [3, 5, 7, 9, 29, 30, 31, 47, 65, 68, 69, 70, 71, 90, 91, 92, 93, 96], "summary": {"covered_lines": 18, "num_statements": 18, "percent_covered": 100.0, "percent_covered_display": "100", "missing_lines": 0, "excluded_lines": 0, "percent_statements_covered": 100.0, "percent_statements_covered_display": "100", "num_branches": 2, "num_partial_branches": 0, "covered_branches": 2, "missing_branches": 0, "percent_branches_covered": 100.0, "percent_branches_covered_display": "100"}, "missing_lines": [], "excluded_lines": [], "executed_branches": [[90, 91], [90, 92]], "missing_branches": [], "functions": {"contract_json_schema": {"executed_lines": [68, 69, 70, 71, 90, 91, 92, 93], "summary": {"covered_lines": 8, "num_statements": 8, "percent_covered": 100.0, "percent_covered_display": "100", "missing_lines": 0, "excluded_lines": 0, "percent_statements_covered": 100.0, "percent_statements_covered_display": "100", "num_branches": 2, "num_partial_branches": 0, "covered_branches": 2, "missing_branches": 0, "percent_branches_covered": 100.0, "percent_branches_covered_display": "100"}, "missing_lines": [], "excluded_lines": [], "start_line": 65, "executed_branches": [[90, 91], [90, 92]], "missing_branches": []}, "": {"executed_lines": [3, 5, 7, 9, 29, 30, 31, 47, 65, 96], "summary": {"covered_lines": 10, "num_statements": 10, "percent_covered": 100.0, "percent_covered_display": "100", "missing_lines": 0, "excluded_lines": 0, "percent_statements_covered": 100.0, "percent_statements_covered_display": "100", "num_branches": 0, "num_partial_branches": 0, "covered_branches": 0, "missing_branches": 0, "percent_branches_covered": 100.0, "percent_branches_covered_display": "100"}, "missing_lines": [], "excluded_lines": [], "start_line": 1, "executed_branches": [], "missing_branches": []}}, "classes": {"": {"executed_lines": [3, 5, 7, 9, 29, 30, 31, 47, 65, 68, 69, 70, 71, 90, 91, 92, 93, 96], "summary": {"covered_lines": 18, "num_statements": 18, "percent_covered": 100.0, "percent_covered_display": "100", "missing_lines": 0, "excluded_lines": 0, "percent_statements_covered": 100.0, "percent_statements_covered_display": "100", "num_branches": 2, "num_partial_branches": 0, "covered_branches": 2, "missing_branches": 0, "percent_branches_covered": 100.0, "percent_branches_covered_display": "100"}, "missing_lines": [], "excluded_lines": [], "start_line": 1, "executed_branches": [[90, 91], [90, 92]], "missing_branches": []}}}, "src\\glio_proteogen\\contracts\\m04_06\\v1.py": {"executed_lines": [10, 12, 13, 14, 15, 16, 18, 28, 31, 41, 44, 45, 68, 69, 70, 71, 72, 73, 74, 75, 76, 77, 78, 79, 80, 81, 82, 83, 84, 85, 86, 87, 88, 89, 90, 91, 92, 93, 94, 95, 96, 97, 98, 99, 100, 101, 102, 103, 104, 105, 119, 123, 126, 127, 128, 129, 130, 131, 136, 150, 156, 159, 164, 165, 166, 167, 170, 174, 175, 176, 177, 180, 181, 182, 183, 184, 185, 186, 187, 188, 191, 192, 193, 194, 195, 196, 199, 202, 203, 204, 205, 208, 209, 210, 211, 214, 215, 216, 219, 220, 221, 222, 225, 226, 227, 228, 231, 232, 233, 234, 237, 238, 239, 240, 243, 244, 245, 246, 249, 250, 251, 252, 253, 254, 255, 256, 257, 258, 259, 260, 261, 262, 263, 266, 311, 357, 358, 359, 361, 362, 363, 364, 367, 368, 369, 370, 371, 372, 376, 377, 381, 383, 384, 385, 386, 388, 389, 390, 394, 396, 398, 399, 400, 404, 408, 410, 411, 412, 418, 432, 435, 436, 437, 438, 439, 440, 441, 442, 443, 444, 445, 446, 447, 448, 449, 450, 451, 452, 453, 454, 455, 456, 457, 458, 459, 460, 461, 462, 463, 466, 467, 469, 470, 471, 475, 477, 478, 479, 484, 485, 486, 487, 488, 489, 496, 499, 516, 517, 518, 519, 520, 521, 522, 527, 528, 529, 532, 533, 536, 541, 542, 547, 548, 551, 552, 553, 554, 555, 556, 560, 561, 565, 566, 567, 568, 569, 570, 571, 572, 576, 581, 582, 583, 584, 586, 587, 588, 589, 591, 592, 593, 594, 596, 602, 603, 604, 606, 607, 608, 612, 613, 614, 616, 617, 618, 619, 620, 621, 622, 623, 629, 647, 648, 649, 650, 651, 652, 653, 654, 655, 656, 659, 660, 661, 662, 666, 671, 672, 673, 674, 676, 677, 678, 679, 681, 682, 683, 687, 693, 696, 699, 711, 712, 713, 714, 715, 716, 717, 721, 725, 726, 727, 729, 730, 731, 732, 734, 735, 736, 737, 739, 740, 741, 742, 744, 745, 748, 753, 754, 755, 756, 757, 758, 759, 760, 761, 762, 763, 764, 765, 766, 767, 770, 774, 775, 776, 777, 779, 780, 781, 782, 783, 784, 785, 786, 797, 798, 805, 806, 821, 822, 823, 824, 825, 826, 830, 835, 836, 837, 838, 840, 841, 842, 843, 845, 846, 847, 848, 849, 850, 852, 853, 854, 859, 860, 863, 864, 865, 866, 867, 871, 875, 879, 883, 887, 889, 890, 891, 892, 894, 895, 896, 897, 899, 905, 906, 910, 912, 913, 914, 918, 920, 921, 922, 928, 929, 930, 931, 932, 933, 934, 935, 936, 939, 940, 941, 942, 943, 944, 945, 946, 947, 951, 955, 959, 960, 961, 963, 964, 965, 966, 968, 969, 970, 971, 973, 974, 975, 976, 978, 979, 980, 984, 986, 987, 988, 989, 990, 991, 992, 993, 1012, 1013, 1014, 1017, 1020, 1021, 1022, 1023, 1032, 1035, 1036, 1037, 1038, 1039, 1040, 1041, 1042, 1045, 1046, 1047, 1048, 1049, 1050, 1051, 1052, 1053, 1054, 1055, 1056, 1057, 1058, 1059, 1060, 1061, 1064, 1065, 1066, 1067, 1068, 1069, 1070, 1071, 1072, 1073, 1074, 1075, 1076, 1079, 1091, 1110, 1111, 1118, 1119, 1127, 1130, 1151, 1152, 1153, 1169, 1170, 1174, 1175, 1197, 1201, 1202, 1203, 1211, 1218, 1221, 1226, 1227, 1228, 1229, 1242, 1254, 1257, 1263, 1270, 1271, 1272, 1282, 1288, 1295, 1296, 1297, 1307, 1308, 1309, 1310, 1311, 1312, 1313, 1314, 1315, 1317, 1318, 1319, 1327, 1328, 1329, 1332, 1338, 1339, 1340, 1341, 1346, 1347, 1351, 1353, 1354, 1359, 1360, 1361, 1362, 1363, 1364, 1365, 1366, 1372, 1377, 1378, 1379, 1380, 1381, 1390, 1393, 1394, 1395, 1397, 1399, 1400, 1401, 1402, 1407, 1408, 1409, 1410, 1411, 1412, 1415, 1416, 1417, 1418, 1419, 1420, 1424, 1427, 1431, 1432, 1433, 1436, 1437, 1443, 1448, 1451, 1454, 1455, 1466, 1467, 1468, 1469, 1474, 1477, 1480, 1481, 1482, 1483, 1484, 1485, 1486, 1489, 1494, 1498, 1501, 1506, 1507, 1508, 1509, 1510, 1511, 1512, 1513, 1514, 1515, 1516, 1517, 1518, 1522, 1523, 1524, 1525, 1531, 1532, 1536, 1537, 1538, 1539, 1540, 1541, 1543, 1544, 1545, 1546, 1549, 1550, 1551, 1554, 1555, 1567, 1568, 1573, 1614, 1615, 1618, 1621, 1622, 1623, 1631, 1632, 1633, 1642, 1646, 1668, 1685, 1689, 1690, 1691, 1692, 1697, 1702, 1703, 1704, 1709, 1714, 1716, 1717, 1718, 1719, 1721, 1722, 1723, 1729, 1730, 1732, 1734, 1739, 1742, 1743, 1744, 1745, 1746, 1747, 1748, 1750, 1751, 1752, 1753, 1755, 1756, 1757, 1758, 1761, 1762, 1763, 1764, 1765, 1768, 1769, 1773, 1777, 1778, 1782, 1786, 1790, 1794, 1795, 1797, 1798, 1799, 1800, 1802, 1803, 1804, 1805, 1807, 1808, 1809, 1813, 1814, 1815, 1817, 1818, 1819, 1823, 1824, 1825, 1827, 1828, 1829, 1833, 1835, 1836, 1839, 1845, 1846, 1847, 1848, 1849, 1852, 1853, 1854, 1855, 1856, 1860, 1863, 1864, 1868, 1869, 1870, 1871, 1872, 1873, 1874, 1875, 1877, 1881, 1882, 1883, 1884, 1890, 1891, 1894, 1895, 1896, 1897, 1898, 1899, 1900, 1904, 1906, 1907, 1908, 1912, 1914, 1915, 1916, 1920, 1921, 1922, 1923, 1924, 1925, 1926, 1927, 1928, 1931, 1932, 1933, 1934, 1935, 1936, 1937, 1938, 1939, 1941, 1942, 1943, 1944, 1946, 1947, 1948, 1950, 1951, 1952, 1961, 1963, 1964, 1966, 1969, 1970, 1971, 1972, 1977, 1982, 1983, 1985, 1986, 1987, 1988, 1990, 1991, 1992, 1993, 1994, 1996, 1997, 1998, 1999, 2005, 2012, 2014, 2017, 2018, 2019, 2020, 2021, 2022, 2023, 2028, 2033, 2038, 2039, 2040, 2044, 2046, 2047, 2048, 2049, 2051, 2052, 2053, 2057, 2059, 2060, 2061, 2062, 2064, 2066, 2070, 2071, 2077, 2078, 2079, 2080, 2081, 2084, 2085, 2086, 2087, 2088, 2094, 2100, 2101, 2106, 2111, 2114, 2115, 2116, 2117, 2118, 2119, 2120, 2121, 2122, 2123, 2124, 2128, 2129, 2130, 2131, 2132, 2133, 2137, 2138, 2139, 2140, 2141, 2142, 2143, 2144, 2145, 2146, 2147, 2148, 2149, 2150, 2151, 2152, 2153, 2154, 2156, 2157, 2158, 2159, 2160, 2161, 2163, 2164, 2165, 2169, 2170, 2171, 2172, 2173, 2175, 2176, 2177, 2181, 2183, 2184, 2185, 2187, 2192, 2193, 2194, 2199, 2200, 2201, 2204, 2205, 2210, 2211, 2212, 2219, 2226, 2227, 2228, 2229, 2232, 2233, 2234, 2235, 2236, 2237, 2238, 2239, 2241, 2242, 2243, 2244, 2246, 2247, 2248, 2249, 2250, 2251, 2252, 2253, 2254, 2256, 2257, 2258, 2264, 2270, 2272, 2275, 2276, 2277, 2278, 2279, 2280, 2281, 2282, 2283, 2284, 2285, 2286, 2287, 2288, 2289, 2290, 2291, 2295, 2296, 2297, 2298, 2299, 2304, 2305, 2306, 2307, 2308, 2309, 2310, 2311, 2312, 2313, 2314, 2315, 2316, 2317, 2318, 2319, 2320, 2321, 2322, 2323, 2325, 2326, 2327, 2331, 2332, 2333, 2334, 2335, 2337, 2338, 2339, 2346, 2347, 2348, 2349, 2350, 2351, 2352, 2353, 2361, 2365, 2366, 2369, 2370, 2371, 2372, 2373, 2374, 2375, 2376, 2377, 2378, 2379, 2380, 2381, 2385, 2389, 2393, 2394, 2395, 2396, 2397, 2398, 2399, 2400, 2401, 2402, 2403, 2404, 2405, 2406, 2407, 2408, 2409, 2410, 2411, 2412, 2413, 2414, 2415, 2416, 2417, 2419, 2420, 2421, 2427, 2428, 2429, 2432, 2438, 2439, 2440, 2441, 2442, 2446, 2448, 2455, 2456, 2457, 2459, 2460, 2461, 2462, 2466, 2467, 2468, 2469, 2478, 2479, 2483, 2488, 2489, 2490, 2491, 2492, 2493, 2494, 2500, 2501, 2505, 2507, 2508, 2510, 2511, 2512, 2513, 2514, 2515, 2516, 2517, 2518, 2519, 2520, 2521, 2522, 2523, 2524, 2525, 2526, 2527, 2528, 2536, 2537, 2538, 2539, 2540, 2541, 2542, 2543, 2544, 2545, 2546, 2547, 2550, 2551, 2552, 2553, 2558, 2559, 2560, 2563, 2566, 2568, 2569, 2572, 2576, 2579, 2580, 2587, 2591, 2609, 2618, 2619, 2623, 2624, 2625, 2626, 2627, 2629, 2634, 2635, 2636, 2637, 2638, 2639, 2640, 2641, 2644, 2654, 2655, 2656, 2657, 2658, 2659, 2660, 2661, 2669, 2677, 2681, 2689, 2690, 2691, 2695, 2700, 2714, 2717, 2735, 2736, 2741, 2742, 2743, 2744, 2745, 2746, 2747, 2748, 2749, 2750, 2751, 2752, 2753, 2762, 2763, 2764, 2765, 2766, 2767, 2777, 2792, 2802, 2805, 2810, 2811, 2815, 2816, 2817, 2818, 2819, 2820, 2821, 2826, 2829, 2834, 2835, 2837, 2838, 2839, 2840, 2841, 2842, 2843, 2844, 2845, 2851, 2858, 2868, 2871, 2885, 2886, 2887, 2894, 2895, 2896, 2901, 2902, 2905, 2906, 2907, 2908, 2915, 2916, 2917, 2918, 2928, 2929, 2930, 2931, 2940, 2941, 2942, 2945, 2963, 3023, 3026, 3027, 3035, 3042, 3043, 3044, 3045, 3053, 3064, 3067, 3068, 3076, 3077, 3078, 3080, 3081, 3082, 3083, 3084, 3085, 3086, 3089, 3095, 3096, 3097, 3098, 3099, 3101, 3102, 3107, 3112, 3118, 3125, 3132, 3133, 3139, 3144, 3149, 3154, 3157, 3158, 3164, 3165, 3171, 3172, 3178, 3179, 3185, 3190, 3195, 3196, 3202, 3203, 3209, 3212, 3216, 3217, 3220, 3221, 3224, 3225, 3228, 3237, 3243, 3244, 3245, 3283, 3284, 3285, 3290, 3291, 3296, 3303, 3306, 3307, 3315, 3327, 3330, 3331, 3383, 3386, 3389, 3390, 3391, 3404, 3407, 3417, 3423, 3428, 3429, 3430, 3431, 3432, 3433, 3434, 3435, 3451, 3452, 3483, 3497, 3503, 3508, 3514, 3520, 3521, 3551, 3552, 3555, 3556, 3561, 3562, 3563, 3564, 3565, 3566, 3569, 3570, 3571, 3572, 3573, 3574, 3577, 3580], "summary": {"covered_lines": 1444, "num_statements": 1505, "percent_covered": 94.09020217729393, "percent_covered_display": "94", "missing_lines": 61, "excluded_lines": 2, "percent_statements_covered": 95.9468438538206, "percent_statements_covered_display": "96", "num_branches": 424, "num_partial_branches": 45, "covered_branches": 371, "missing_branches": 53, "percent_branches_covered": 87.5, "percent_branches_covered_display": "88"}, "missing_lines": [395, 407, 431, 686, 692, 778, 794, 803, 816, 1396, 1398, 1423, 1521, 1530, 1542, 1547, 1548, 1643, 1649, 1650, 1651, 1652, 1661, 1664, 1665, 1669, 1670, 1671, 1672, 1673, 1675, 1676, 1681, 1682, 1686, 1731, 1733, 1738, 1949, 1965, 1995, 2013, 2063, 2065, 2076, 2093, 2095, 2099, 2105, 2110, 2263, 2271, 2360, 2506, 2567, 2628, 2836, 3079, 3100, 3119, 3126], "excluded_lines": [1552, 1553], "executed_branches": [[165, 166], [165, 167], [175, 176], [175, 177], [394, 396], [404, 408], [418, 432], [485, 486], [485, 487], [488, 489], [488, 518], [489, 496], [489, 499], [516, 517], [516, 520], [518, 519], [518, 520], [520, 521], [520, 522], [527, 528], [527, 529], [529, 532], [529, 533], [536, 541], [536, 542], [542, 547], [542, 548], [612, 613], [612, 614], [619, 620], [619, 621], [621, 622], [621, 623], [629, 647], [629, 648], [648, 649], [648, 651], [649, 650], [649, 656], [651, 652], [651, 654], [652, 653], [652, 656], [654, 655], [654, 656], [683, 687], [687, 693], [755, 756], [755, 757], [757, 758], [757, 759], [759, 760], [759, 761], [762, 763], [762, 764], [765, 766], [765, 767], [775, -770], [775, 776], [777, 779], [781, 782], [781, 797], [786, 775], [797, 798], [797, 805], [798, 775], [806, 775], [848, 849], [848, 850], [854, 859], [854, 860], [928, 929], [928, 930], [930, 931], [930, 932], [932, 933], [932, 934], [934, 935], [934, 936], [989, 990], [989, 991], [991, 992], [991, 1014], [992, 991], [992, 993], [1012, 1013], [1021, 1022], [1021, 1023], [1270, 1271], [1270, 1272], [1295, 1296], [1295, 1297], [1332, 1338], [1332, 1341], [1338, 1339], [1364, 1365], [1364, 1372], [1377, 1378], [1377, 1379], [1381, 1390], [1381, 1393], [1393, 1394], [1393, 1395], [1395, 1397], [1397, 1399], [1399, 1400], [1399, 1401], [1407, 1408], [1407, 1409], [1410, 1411], [1410, 1420], [1411, 1412], [1411, 1415], [1415, 1416], [1415, 1417], [1418, 1419], [1418, 1420], [1420, 1424], [1432, -1427], [1432, 1433], [1433, 1436], [1433, 1437], [1443, 1432], [1443, 1448], [1467, 1468], [1467, 1474], [1481, -1477], [1481, 1482], [1484, 1485], [1484, 1486], [1512, 1513], [1512, 1514], [1515, 1516], [1515, 1517], [1518, 1522], [1523, 1524], [1523, 1567], [1525, 1531], [1538, 1539], [1538, 1541], [1541, 1543], [1543, 1544], [1543, 1546], [1546, 1549], [1642, -1631], [1729, 1730], [1729, 1732], [1730, 1739], [1732, 1734], [1734, 1739], [1813, 1814], [1813, 1815], [1823, 1824], [1823, 1825], [1839, 1845], [1839, 1846], [1847, 1848], [1847, 1849], [1852, 1853], [1852, 1854], [1854, 1855], [1854, 1883], [1855, 1856], [1855, 1864], [1856, 1860], [1856, 1863], [1864, 1868], [1864, 1869], [1871, 1872], [1871, 1873], [1873, 1874], [1873, 1877], [1874, 1854], [1874, 1875], [1881, 1854], [1881, 1882], [1884, 1890], [1884, 1891], [1920, 1921], [1920, 1922], [1922, 1923], [1922, 1924], [1924, 1925], [1924, 1926], [1926, 1927], [1926, 1928], [1948, 1950], [1950, 1951], [1950, 1952], [1952, 1961], [1952, 1963], [1964, 1966], [1994, 1996], [1996, 1997], [1996, 1998], [1998, 1999], [1998, 2005], [2012, 2014], [2062, 2064], [2064, 2066], [2070, 2071], [2070, 2088], [2071, 2077], [2079, 2080], [2079, 2085], [2085, 2086], [2085, 2087], [2088, 2094], [2094, 2100], [2100, 2101], [2100, 2106], [2101, 2111], [2106, 2111], [2159, 2160], [2159, 2161], [2169, 2170], [2169, 2171], [2171, 2172], [2171, 2173], [2192, 2193], [2192, 2194], [2194, 2199], [2194, 2200], [2201, 2204], [2201, 2205], [2210, 2211], [2210, 2212], [2219, 2226], [2219, 2227], [2227, 2228], [2227, 2229], [2248, 2249], [2248, 2250], [2250, 2251], [2250, 2252], [2252, 2253], [2252, 2254], [2258, 2264], [2270, 2272], [2331, 2332], [2331, 2333], [2333, 2334], [2333, 2335], [2347, 2348], [2347, 2349], [2349, 2350], [2349, 2351], [2351, 2352], [2351, 2366], [2353, 2361], [2361, 2365], [2361, 2366], [2432, 2438], [2432, 2441], [2438, 2439], [2441, 2442], [2441, 2446], [2492, 2493], [2492, 2500], [2500, 2501], [2500, 2507], [2505, 2507], [2507, 2508], [2507, 2510], [2520, 2521], [2520, 2522], [2522, 2523], [2522, 2524], [2524, 2525], [2524, 2526], [2526, 2527], [2526, 2528], [2528, 2536], [2528, 2537], [2537, 2538], [2537, 2539], [2539, 2540], [2539, 2541], [2541, 2542], [2541, 2543], [2543, 2544], [2543, 2545], [2545, 2546], [2545, 2547], [2547, 2550], [2547, 2551], [2551, 2552], [2551, 2553], [2558, 2559], [2558, 2560], [2566, 2568], [2623, 2624], [2623, 2635], [2624, 2625], [2624, 2626], [2627, 2629], [2636, 2637], [2636, 2641], [2639, 2636], [2639, 2640], [2658, 2659], [2658, 2714], [2659, 2660], [2659, 2661], [2677, 2681], [2677, 2690], [2742, 2743], [2742, 2762], [2743, 2744], [2743, 2745], [2747, 2748], [2747, 2749], [2750, 2751], [2750, 2752], [2811, 2815], [2811, 2816], [2818, 2819], [2818, 2826], [2835, 2837], [2839, 2840], [2839, 2868], [2842, 2843], [2842, 2844], [2844, 2845], [2844, 2851], [2887, 2894], [2887, 2895], [2907, 2908], [2907, 2917], [3076, 3077], [3076, 3078], [3078, 3080], [3080, 3081], [3080, 3082], [3082, 3083], [3082, 3084], [3084, 3085], [3084, 3086], [3096, 3097], [3096, 3098], [3099, 3101], [3118, 3125], [3125, 3132], [3132, 3133], [3132, 3139], [3157, 3158], [3157, 3164], [3164, 3165], [3164, 3171], [3171, 3172], [3171, 3178], [3178, 3179], [3178, 3185], [3195, 3196], [3195, 3202], [3202, 3203], [3202, 3209], [3217, 3220], [3217, 3221], [3221, 3224], [3221, 3225], [3284, 3285], [3284, 3290], [3290, 3291], [3290, 3296], [3431, 3432], [3431, 3433], [3433, 3434], [3433, 3435], [3572, 3573], [3572, 3577]], "missing_branches": [[394, 395], [404, 407], [418, 431], [683, 686], [687, 692], [777, 778], [786, 794], [798, 803], [806, 816], [1012, 992], [1338, 1340], [1395, 1396], [1397, 1398], [1420, 1423], [1518, 1521], [1525, 1530], [1541, 1542], [1546, 1547], [1642, 1643], [1670, 1671], [1670, 1672], [1672, 1673], [1672, 1675], [1676, 1681], [1676, 1682], [1730, 1731], [1732, 1733], [1734, 1738], [1948, 1949], [1964, 1965], [1994, 1995], [2012, 2013], [2062, 2063], [2064, 2065], [2071, 2076], [2088, 2093], [2094, 2095], [2095, 2099], [2095, 2111], [2101, 2105], [2106, 2110], [2258, 2263], [2270, 2271], [2353, 2360], [2438, 2440], [2505, 2506], [2566, 2567], [2627, 2628], [2835, 2836], [3078, 3079], [3099, 3100], [3118, 3119], [3125, 3126]], "functions": {"opaque_harmonization_identifier": {"executed_lines": [156], "summary": {"covered_lines": 1, "num_statements": 1, "percent_covered": 100.0, "percent_covered_display": "100", "missing_lines": 0, "excluded_lines": 0, "percent_statements_covered": 100.0, "percent_statements_covered_display": "100", "num_branches": 0, "num_partial_branches": 0, "covered_branches": 0, "missing_branches": 0, "percent_branches_covered": 100.0, "percent_branches_covered_display": "100"}, "missing_lines": [], "excluded_lines": [], "start_line": 150, "executed_branches": [], "missing_branches": []}, "_opaque_identifier": {"executed_lines": [164, 165, 166, 167], "summary": {"covered_lines": 4, "num_statements": 4, "percent_covered": 100.0, "percent_covered_display": "100", "missing_lines": 0, "excluded_lines": 0, "percent_statements_covered": 100.0, "percent_statements_covered_display": "100", "num_branches": 2, "num_partial_branches": 0, "covered_branches": 2, "missing_branches": 0, "percent_branches_covered": 100.0, "percent_branches_covered_display": "100"}, "missing_lines": [], "excluded_lines": [], "start_line": 159, "executed_branches": [[165, 166], [165, 167]], "missing_branches": []}, "_validate_owned_evidence_reference": {"executed_lines": [174, 175, 176, 177], "summary": {"covered_lines": 4, "num_statements": 4, "percent_covered": 100.0, "percent_covered_display": "100", "missing_lines": 0, "excluded_lines": 0, "percent_statements_covered": 100.0, "percent_statements_covered_display": "100", "num_branches": 2, "num_partial_branches": 0, "covered_branches": 2, "missing_branches": 0, "percent_branches_covered": 100.0, "percent_branches_covered_display": "100"}, "missing_lines": [], "excluded_lines": [], "start_line": 170, "executed_branches": [[175, 176], [175, 177]], "missing_branches": []}, "ProteoformNormalizationFactorLevel.level_identifier_is_opaque": {"executed_lines": [364], "summary": {"covered_lines": 1, "num_statements": 1, "percent_covered": 100.0, "percent_covered_display": "100", "missing_lines": 0, "excluded_lines": 0, "percent_statements_covered": 100.0, "percent_statements_covered_display": "100", "num_branches": 0, "num_partial_branches": 0, "covered_branches": 0, "missing_branches": 0, "percent_branches_covered": 100.0, "percent_branches_covered_display": "100"}, "missing_lines": [], "excluded_lines": [], "start_line": 363, "executed_branches": [], "missing_branches": []}, "ProteoformArtifactTargetReceipt.target_identifier_is_opaque": {"executed_lines": [386], "summary": {"covered_lines": 1, "num_statements": 1, "percent_covered": 100.0, "percent_covered_display": "100", "missing_lines": 0, "excluded_lines": 0, "percent_statements_covered": 100.0, "percent_statements_covered_display": "100", "num_branches": 0, "num_partial_branches": 0, "covered_branches": 0, "missing_branches": 0, "percent_branches_covered": 100.0, "percent_branches_covered_display": "100"}, "missing_lines": [], "excluded_lines": [], "start_line": 385, "executed_branches": [], "missing_branches": []}, "ProteoformArtifactTargetReceipt.posterior_digests_are_canonical": {"executed_lines": [394, 396], "summary": {"covered_lines": 2, "num_statements": 3, "percent_covered": 60.0, "percent_covered_display": "60", "missing_lines": 1, "excluded_lines": 0, "percent_statements_covered": 66.66666666666667, "percent_statements_covered_display": "67", "num_branches": 2, "num_partial_branches": 1, "covered_branches": 1, "missing_branches": 1, "percent_branches_covered": 50.0, "percent_branches_covered_display": "50"}, "missing_lines": [395], "excluded_lines": [], "start_line": 390, "executed_branches": [[394, 396]], "missing_branches": [[394, 395]]}, "ProteoformArtifactTargetReceipt.flag_identifiers_are_upstream_opaque": {"executed_lines": [404, 408], "summary": {"covered_lines": 2, "num_statements": 3, "percent_covered": 60.0, "percent_covered_display": "60", "missing_lines": 1, "excluded_lines": 0, "percent_statements_covered": 66.66666666666667, "percent_statements_covered_display": "67", "num_branches": 2, "num_partial_branches": 1, "covered_branches": 1, "missing_branches": 1, "percent_branches_covered": 50.0, "percent_branches_covered_display": "50"}, "missing_lines": [407], "excluded_lines": [], "start_line": 400, "executed_branches": [[404, 408]], "missing_branches": [[404, 407]]}, "ProteoformArtifactTargetReceipt.action_matches_target_state": {"executed_lines": [412, 418, 432], "summary": {"covered_lines": 3, "num_statements": 4, "percent_covered": 66.66666666666667, "percent_covered_display": "67", "missing_lines": 1, "excluded_lines": 0, "percent_statements_covered": 75.0, "percent_statements_covered_display": "75", "num_branches": 2, "num_partial_branches": 1, "covered_branches": 1, "missing_branches": 1, "percent_branches_covered": 50.0, "percent_branches_covered_display": "50"}, "missing_lines": [431], "excluded_lines": [], "start_line": 411, "executed_branches": [[418, 432]], "missing_branches": [[418, 431]]}, "ProteoformArtifactHarmonizationReceipt.units_are_canonical": {"executed_lines": [475], "summary": {"covered_lines": 1, "num_statements": 1, "percent_covered": 100.0, "percent_covered_display": "100", "missing_lines": 0, "excluded_lines": 0, "percent_statements_covered": 100.0, "percent_statements_covered_display": "100", "num_branches": 0, "num_partial_branches": 0, "covered_branches": 0, "missing_branches": 0, "percent_branches_covered": 100.0, "percent_branches_covered_display": "100"}, "missing_lines": [], "excluded_lines": [], "start_line": 471, "executed_branches": [], "missing_branches": []}, "ProteoformArtifactHarmonizationReceipt.receipt_is_closed": {"executed_lines": [479, 484, 485, 486, 487, 488, 489, 496, 499, 516, 517, 518, 519, 520, 521, 522, 527, 528, 529, 532, 533, 536, 541, 542, 547, 548], "summary": {"covered_lines": 26, "num_statements": 26, "percent_covered": 100.0, "percent_covered_display": "100", "missing_lines": 0, "excluded_lines": 0, "percent_statements_covered": 100.0, "percent_statements_covered_display": "100", "num_branches": 20, "num_partial_branches": 0, "covered_branches": 20, "missing_branches": 0, "percent_branches_covered": 100.0, "percent_branches_covered_display": "100"}, "missing_lines": [], "excluded_lines": [], "start_line": 478, "executed_branches": [[485, 486], [485, 487], [488, 489], [488, 518], [489, 496], [489, 499], [516, 517], [516, 520], [518, 519], [518, 520], [520, 521], [520, 522], [527, 528], [527, 529], [529, 532], [529, 533], [536, 541], [536, 542], [542, 547], [542, 548]], "missing_branches": []}, "ProteoformSupportObservation.target_identifier_is_opaque": {"executed_lines": [584], "summary": {"covered_lines": 1, "num_statements": 1, "percent_covered": 100.0, "percent_covered_display": "100", "missing_lines": 0, "excluded_lines": 0, "percent_statements_covered": 100.0, "percent_statements_covered_display": "100", "num_branches": 0, "num_partial_branches": 0, "covered_branches": 0, "missing_branches": 0, "percent_branches_covered": 100.0, "percent_branches_covered_display": "100"}, "missing_lines": [], "excluded_lines": [], "start_line": 583, "executed_branches": [], "missing_branches": []}, "ProteoformSupportObservation.anchor_identifier_is_opaque": {"executed_lines": [589], "summary": {"covered_lines": 1, "num_statements": 1, "percent_covered": 100.0, "percent_covered_display": "100", "missing_lines": 0, "excluded_lines": 0, "percent_statements_covered": 100.0, "percent_statements_covered_display": "100", "num_branches": 0, "num_partial_branches": 0, "covered_branches": 0, "missing_branches": 0, "percent_branches_covered": 100.0, "percent_branches_covered_display": "100"}, "missing_lines": [], "excluded_lines": [], "start_line": 588, "executed_branches": [], "missing_branches": []}, "ProteoformSupportObservation.group_identifier_is_opaque": {"executed_lines": [594], "summary": {"covered_lines": 1, "num_statements": 1, "percent_covered": 100.0, "percent_covered_display": "100", "missing_lines": 0, "excluded_lines": 0, "percent_statements_covered": 100.0, "percent_statements_covered_display": "100", "num_branches": 0, "num_partial_branches": 0, "covered_branches": 0, "missing_branches": 0, "percent_branches_covered": 100.0, "percent_branches_covered_display": "100"}, "missing_lines": [], "excluded_lines": [], "start_line": 593, "executed_branches": [], "missing_branches": []}, "ProteoformSupportObservation.collections_are_canonical": {"executed_lines": [604], "summary": {"covered_lines": 1, "num_statements": 1, "percent_covered": 100.0, "percent_covered_display": "100", "missing_lines": 0, "excluded_lines": 0, "percent_statements_covered": 100.0, "percent_statements_covered_display": "100", "num_branches": 0, "num_partial_branches": 0, "covered_branches": 0, "missing_branches": 0, "percent_branches_covered": 100.0, "percent_branches_covered_display": "100"}, "missing_lines": [], "excluded_lines": [], "start_line": 603, "executed_branches": [], "missing_branches": []}, "ProteoformSupportObservation.evidence_references_are_opaque": {"executed_lines": [612, 613, 614], "summary": {"covered_lines": 3, "num_statements": 3, "percent_covered": 100.0, "percent_covered_display": "100", "missing_lines": 0, "excluded_lines": 0, "percent_statements_covered": 100.0, "percent_statements_covered_display": "100", "num_branches": 2, "num_partial_branches": 0, "covered_branches": 2, "missing_branches": 0, "percent_branches_covered": 100.0, "percent_branches_covered_display": "100"}, "missing_lines": [], "excluded_lines": [], "start_line": 608, "executed_branches": [[612, 613], [612, 614]], "missing_branches": []}, "ProteoformSupportObservation.observation_is_typed_and_closed": {"executed_lines": [618, 619, 620, 621, 622, 623, 629, 647, 648, 649, 650, 651, 652, 653, 654, 655, 656], "summary": {"covered_lines": 17, "num_statements": 17, "percent_covered": 100.0, "percent_covered_display": "100", "missing_lines": 0, "excluded_lines": 0, "percent_statements_covered": 100.0, "percent_statements_covered_display": "100", "num_branches": 16, "num_partial_branches": 0, "covered_branches": 16, "missing_branches": 0, "percent_branches_covered": 100.0, "percent_branches_covered_display": "100"}, "missing_lines": [], "excluded_lines": [], "start_line": 617, "executed_branches": [[619, 620], [619, 621], [621, 622], [621, 623], [629, 647], [629, 648], [648, 649], [648, 651], [649, 650], [649, 656], [651, 652], [651, 654], [652, 653], [652, 656], [654, 655], [654, 656]], "missing_branches": []}, "ProteoformSupportInvariant.invariant_identifier_is_opaque": {"executed_lines": [674], "summary": {"covered_lines": 1, "num_statements": 1, "percent_covered": 100.0, "percent_covered_display": "100", "missing_lines": 0, "excluded_lines": 0, "percent_statements_covered": 100.0, "percent_statements_covered_display": "100", "num_branches": 0, "num_partial_branches": 0, "covered_branches": 0, "missing_branches": 0, "percent_branches_covered": 100.0, "percent_branches_covered_display": "100"}, "missing_lines": [], "excluded_lines": [], "start_line": 673, "executed_branches": [], "missing_branches": []}, "ProteoformSupportInvariant.members_are_canonical": {"executed_lines": [679], "summary": {"covered_lines": 1, "num_statements": 1, "percent_covered": 100.0, "percent_covered_display": "100", "missing_lines": 0, "excluded_lines": 0, "percent_statements_covered": 100.0, "percent_statements_covered_display": "100", "num_branches": 0, "num_partial_branches": 0, "covered_branches": 0, "missing_branches": 0, "percent_branches_covered": 100.0, "percent_branches_covered_display": "100"}, "missing_lines": [], "excluded_lines": [], "start_line": 678, "executed_branches": [], "missing_branches": []}, "ProteoformSupportInvariant.member_shape_is_closed": {"executed_lines": [683, 687, 693], "summary": {"covered_lines": 3, "num_statements": 5, "percent_covered": 55.55555555555556, "percent_covered_display": "56", "missing_lines": 2, "excluded_lines": 0, "percent_statements_covered": 60.0, "percent_statements_covered_display": "60", "num_branches": 4, "num_partial_branches": 2, "covered_branches": 2, "missing_branches": 2, "percent_branches_covered": 50.0, "percent_branches_covered_display": "50"}, "missing_lines": [686, 692], "excluded_lines": [], "start_line": 682, "executed_branches": [[683, 687], [687, 693]], "missing_branches": [[683, 686], [687, 692]]}, "_target_receipt_from_observation": {"executed_lines": [699], "summary": {"covered_lines": 1, "num_statements": 1, "percent_covered": 100.0, "percent_covered_display": "100", "missing_lines": 0, "excluded_lines": 0, "percent_statements_covered": 100.0, "percent_statements_covered_display": "100", "num_branches": 0, "num_partial_branches": 0, "covered_branches": 0, "missing_branches": 0, "percent_branches_covered": 100.0, "percent_branches_covered_display": "100"}, "missing_lines": [], "excluded_lines": [], "start_line": 696, "executed_branches": [], "missing_branches": []}, "ProteoformSupportLedger.ledger_identifier_is_opaque": {"executed_lines": [732], "summary": {"covered_lines": 1, "num_statements": 1, "percent_covered": 100.0, "percent_covered_display": "100", "missing_lines": 0, "excluded_lines": 0, "percent_statements_covered": 100.0, "percent_statements_covered_display": "100", "num_branches": 0, "num_partial_branches": 0, "covered_branches": 0, "missing_branches": 0, "percent_branches_covered": 100.0, "percent_branches_covered_display": "100"}, "missing_lines": [], "excluded_lines": [], "start_line": 731, "executed_branches": [], "missing_branches": []}, "ProteoformSupportLedger.evidence_reference_is_opaque": {"executed_lines": [737], "summary": {"covered_lines": 1, "num_statements": 1, "percent_covered": 100.0, "percent_covered_display": "100", "missing_lines": 0, "excluded_lines": 0, "percent_statements_covered": 100.0, "percent_statements_covered_display": "100", "num_branches": 0, "num_partial_branches": 0, "covered_branches": 0, "missing_branches": 0, "percent_branches_covered": 100.0, "percent_branches_covered_display": "100"}, "missing_lines": [], "excluded_lines": [], "start_line": 736, "executed_branches": [], "missing_branches": []}, "ProteoformSupportLedger.ledger_collections_are_canonical": {"executed_lines": [742], "summary": {"covered_lines": 1, "num_statements": 1, "percent_covered": 100.0, "percent_covered_display": "100", "missing_lines": 0, "excluded_lines": 0, "percent_statements_covered": 100.0, "percent_statements_covered_display": "100", "num_branches": 0, "num_partial_branches": 0, "covered_branches": 0, "missing_branches": 0, "percent_branches_covered": 100.0, "percent_branches_covered_display": "100"}, "missing_lines": [], "excluded_lines": [], "start_line": 741, "executed_branches": [], "missing_branches": []}, "ProteoformSupportLedger.ledger_is_content_addressed_and_relationally_closed": {"executed_lines": [748, 753, 754, 755, 756, 757, 758, 759, 760, 761, 762, 763, 764, 765, 766, 767], "summary": {"covered_lines": 16, "num_statements": 16, "percent_covered": 100.0, "percent_covered_display": "100", "missing_lines": 0, "excluded_lines": 0, "percent_statements_covered": 100.0, "percent_statements_covered_display": "100", "num_branches": 10, "num_partial_branches": 0, "covered_branches": 10, "missing_branches": 0, "percent_branches_covered": 100.0, "percent_branches_covered_display": "100"}, "missing_lines": [], "excluded_lines": [], "start_line": 745, "executed_branches": [[755, 756], [755, 757], [757, 758], [757, 759], [759, 760], [759, 761], [762, 763], [762, 764], [765, 766], [765, 767]], "missing_branches": []}, "_validate_invariant_members": {"executed_lines": [774, 775, 776, 777, 779, 780, 781, 782, 783, 784, 785, 786, 797, 798, 805, 806], "summary": {"covered_lines": 16, "num_statements": 20, "percent_covered": 76.47058823529412, "percent_covered_display": "76", "missing_lines": 4, "excluded_lines": 0, "percent_statements_covered": 80.0, "percent_statements_covered_display": "80", "num_branches": 14, "num_partial_branches": 4, "covered_branches": 10, "missing_branches": 4, "percent_branches_covered": 71.42857142857143, "percent_branches_covered_display": "71"}, "missing_lines": [778, 794, 803, 816], "excluded_lines": [], "start_line": 770, "executed_branches": [[775, -770], [775, 776], [777, 779], [781, 782], [781, 797], [786, 775], [797, 798], [797, 805], [798, 775], [806, 775]], "missing_branches": [[777, 778], [786, 794], [798, 803], [806, 816]]}, "ProteoformNormalizationStage.stage_identifier_is_opaque": {"executed_lines": [838], "summary": {"covered_lines": 1, "num_statements": 1, "percent_covered": 100.0, "percent_covered_display": "100", "missing_lines": 0, "excluded_lines": 0, "percent_statements_covered": 100.0, "percent_statements_covered_display": "100", "num_branches": 0, "num_partial_branches": 0, "covered_branches": 0, "missing_branches": 0, "percent_branches_covered": 100.0, "percent_branches_covered_display": "100"}, "missing_lines": [], "excluded_lines": [], "start_line": 837, "executed_branches": [], "missing_branches": []}, "ProteoformNormalizationStage.reference_level_identifier_is_opaque": {"executed_lines": [843], "summary": {"covered_lines": 1, "num_statements": 1, "percent_covered": 100.0, "percent_covered_display": "100", "missing_lines": 0, "excluded_lines": 0, "percent_statements_covered": 100.0, "percent_statements_covered_display": "100", "num_branches": 0, "num_partial_branches": 0, "covered_branches": 0, "missing_branches": 0, "percent_branches_covered": 100.0, "percent_branches_covered_display": "100"}, "missing_lines": [], "excluded_lines": [], "start_line": 842, "executed_branches": [], "missing_branches": []}, "ProteoformNormalizationStage.anchors_are_canonical": {"executed_lines": [848, 849, 850], "summary": {"covered_lines": 3, "num_statements": 3, "percent_covered": 100.0, "percent_covered_display": "100", "missing_lines": 0, "excluded_lines": 0, "percent_statements_covered": 100.0, "percent_statements_covered_display": "100", "num_branches": 2, "num_partial_branches": 0, "covered_branches": 2, "missing_branches": 0, "percent_branches_covered": 100.0, "percent_branches_covered_display": "100"}, "missing_lines": [], "excluded_lines": [], "start_line": 847, "executed_branches": [[848, 849], [848, 850]], "missing_branches": []}, "ProteoformNormalizationStage.anchor_sets_are_disjoint": {"executed_lines": [854, 859, 860], "summary": {"covered_lines": 3, "num_statements": 3, "percent_covered": 100.0, "percent_covered_display": "100", "missing_lines": 0, "excluded_lines": 0, "percent_statements_covered": 100.0, "percent_statements_covered_display": "100", "num_branches": 2, "num_partial_branches": 0, "covered_branches": 2, "missing_branches": 0, "percent_branches_covered": 100.0, "percent_branches_covered_display": "100"}, "missing_lines": [], "excluded_lines": [], "start_line": 853, "executed_branches": [[854, 859], [854, 860]], "missing_branches": []}, "ProteoformHarmonizationProfile.profile_identifier_is_opaque": {"executed_lines": [892], "summary": {"covered_lines": 1, "num_statements": 1, "percent_covered": 100.0, "percent_covered_display": "100", "missing_lines": 0, "excluded_lines": 0, "percent_statements_covered": 100.0, "percent_statements_covered_display": "100", "num_branches": 0, "num_partial_branches": 0, "covered_branches": 0, "missing_branches": 0, "percent_branches_covered": 100.0, "percent_branches_covered_display": "100"}, "missing_lines": [], "excluded_lines": [], "start_line": 891, "executed_branches": [], "missing_branches": []}, "ProteoformHarmonizationProfile.evidence_reference_is_opaque": {"executed_lines": [897], "summary": {"covered_lines": 1, "num_statements": 1, "percent_covered": 100.0, "percent_covered_display": "100", "missing_lines": 0, "excluded_lines": 0, "percent_statements_covered": 100.0, "percent_statements_covered_display": "100", "num_branches": 0, "num_partial_branches": 0, "covered_branches": 0, "missing_branches": 0, "percent_branches_covered": 100.0, "percent_branches_covered_display": "100"}, "missing_lines": [], "excluded_lines": [], "start_line": 896, "executed_branches": [], "missing_branches": []}, "ProteoformHarmonizationProfile.version_domains_are_canonical": {"executed_lines": [910], "summary": {"covered_lines": 1, "num_statements": 1, "percent_covered": 100.0, "percent_covered_display": "100", "missing_lines": 0, "excluded_lines": 0, "percent_statements_covered": 100.0, "percent_statements_covered_display": "100", "num_branches": 0, "num_partial_branches": 0, "covered_branches": 0, "missing_branches": 0, "percent_branches_covered": 100.0, "percent_branches_covered_display": "100"}, "missing_lines": [], "excluded_lines": [], "start_line": 906, "executed_branches": [], "missing_branches": []}, "ProteoformHarmonizationProfile.stages_are_ordered": {"executed_lines": [918], "summary": {"covered_lines": 1, "num_statements": 1, "percent_covered": 100.0, "percent_covered_display": "100", "missing_lines": 0, "excluded_lines": 0, "percent_statements_covered": 100.0, "percent_statements_covered_display": "100", "num_branches": 0, "num_partial_branches": 0, "covered_branches": 0, "missing_branches": 0, "percent_branches_covered": 100.0, "percent_branches_covered_display": "100"}, "missing_lines": [], "excluded_lines": [], "start_line": 914, "executed_branches": [], "missing_branches": []}, "ProteoformHarmonizationProfile.profile_is_closed": {"executed_lines": [922, 928, 929, 930, 931, 932, 933, 934, 935, 936], "summary": {"covered_lines": 10, "num_statements": 10, "percent_covered": 100.0, "percent_covered_display": "100", "missing_lines": 0, "excluded_lines": 0, "percent_statements_covered": 100.0, "percent_statements_covered_display": "100", "num_branches": 8, "num_partial_branches": 0, "covered_branches": 8, "missing_branches": 0, "percent_branches_covered": 100.0, "percent_branches_covered_display": "100"}, "missing_lines": [], "excluded_lines": [], "start_line": 921, "executed_branches": [[928, 929], [928, 930], [930, 931], [930, 932], [932, 933], [932, 934], [934, 935], [934, 936]], "missing_branches": []}, "ProteoformHarmonizationPolicy.policy_identifier_is_opaque": {"executed_lines": [966], "summary": {"covered_lines": 1, "num_statements": 1, "percent_covered": 100.0, "percent_covered_display": "100", "missing_lines": 0, "excluded_lines": 0, "percent_statements_covered": 100.0, "percent_statements_covered_display": "100", "num_branches": 0, "num_partial_branches": 0, "covered_branches": 0, "missing_branches": 0, "percent_branches_covered": 100.0, "percent_branches_covered_display": "100"}, "missing_lines": [], "excluded_lines": [], "start_line": 965, "executed_branches": [], "missing_branches": []}, "ProteoformHarmonizationPolicy.reviewer_identifier_is_opaque": {"executed_lines": [971], "summary": {"covered_lines": 1, "num_statements": 1, "percent_covered": 100.0, "percent_covered_display": "100", "missing_lines": 0, "excluded_lines": 0, "percent_statements_covered": 100.0, "percent_statements_covered_display": "100", "num_branches": 0, "num_partial_branches": 0, "covered_branches": 0, "missing_branches": 0, "percent_branches_covered": 100.0, "percent_branches_covered_display": "100"}, "missing_lines": [], "excluded_lines": [], "start_line": 970, "executed_branches": [], "missing_branches": []}, "ProteoformHarmonizationPolicy.evidence_reference_is_opaque": {"executed_lines": [976], "summary": {"covered_lines": 1, "num_statements": 1, "percent_covered": 100.0, "percent_covered_display": "100", "missing_lines": 0, "excluded_lines": 0, "percent_statements_covered": 100.0, "percent_statements_covered_display": "100", "num_branches": 0, "num_partial_branches": 0, "covered_branches": 0, "missing_branches": 0, "percent_branches_covered": 100.0, "percent_branches_covered_display": "100"}, "missing_lines": [], "excluded_lines": [], "start_line": 975, "executed_branches": [], "missing_branches": []}, "ProteoformHarmonizationPolicy.profiles_are_canonical": {"executed_lines": [984], "summary": {"covered_lines": 1, "num_statements": 1, "percent_covered": 100.0, "percent_covered_display": "100", "missing_lines": 0, "excluded_lines": 0, "percent_statements_covered": 100.0, "percent_statements_covered_display": "100", "num_branches": 0, "num_partial_branches": 0, "covered_branches": 0, "missing_branches": 0, "percent_branches_covered": 100.0, "percent_branches_covered_display": "100"}, "missing_lines": [], "excluded_lines": [], "start_line": 980, "executed_branches": [], "missing_branches": []}, "ProteoformHarmonizationPolicy.profile_domains_are_pairwise_disjoint": {"executed_lines": [988, 989, 990, 991, 992, 993, 1012, 1013, 1014], "summary": {"covered_lines": 9, "num_statements": 9, "percent_covered": 94.11764705882354, "percent_covered_display": "94", "missing_lines": 0, "excluded_lines": 0, "percent_statements_covered": 100.0, "percent_statements_covered_display": "100", "num_branches": 8, "num_partial_branches": 1, "covered_branches": 7, "missing_branches": 1, "percent_branches_covered": 87.5, "percent_branches_covered_display": "88"}, "missing_lines": [], "excluded_lines": [], "start_line": 987, "executed_branches": [[989, 990], [989, 991], [991, 992], [991, 1014], [992, 991], [992, 993], [1012, 1013]], "missing_branches": [[1012, 992]]}, "matching_harmonization_profile": {"executed_lines": [1020, 1021, 1022, 1023, 1032], "summary": {"covered_lines": 5, "num_statements": 5, "percent_covered": 100.0, "percent_covered_display": "100", "missing_lines": 0, "excluded_lines": 0, "percent_statements_covered": 100.0, "percent_statements_covered_display": "100", "num_branches": 2, "num_partial_branches": 0, "covered_branches": 2, "missing_branches": 0, "percent_branches_covered": 100.0, "percent_branches_covered_display": "100"}, "missing_lines": [], "excluded_lines": [], "start_line": 1017, "executed_branches": [[1021, 1022], [1021, 1023]], "missing_branches": []}, "_exact_artifact_capability": {"executed_lines": [1111], "summary": {"covered_lines": 1, "num_statements": 1, "percent_covered": 100.0, "percent_covered_display": "100", "missing_lines": 0, "excluded_lines": 0, "percent_statements_covered": 100.0, "percent_statements_covered_display": "100", "num_branches": 0, "num_partial_branches": 0, "covered_branches": 0, "missing_branches": 0, "percent_branches_covered": 100.0, "percent_branches_covered_display": "100"}, "missing_lines": [], "excluded_lines": [], "start_line": 1110, "executed_branches": [], "missing_branches": []}, "_exact_request_capability": {"executed_lines": [1119], "summary": {"covered_lines": 1, "num_statements": 1, "percent_covered": 100.0, "percent_covered_display": "100", "missing_lines": 0, "excluded_lines": 0, "percent_statements_covered": 100.0, "percent_statements_covered_display": "100", "num_branches": 0, "num_partial_branches": 0, "covered_branches": 0, "missing_branches": 0, "percent_branches_covered": 100.0, "percent_branches_covered_display": "100"}, "missing_lines": [], "excluded_lines": [], "start_line": 1118, "executed_branches": [], "missing_branches": []}, "_harmonization_bundle_snapshot_digest": {"executed_lines": [1130], "summary": {"covered_lines": 1, "num_statements": 1, "percent_covered": 100.0, "percent_covered_display": "100", "missing_lines": 0, "excluded_lines": 0, "percent_statements_covered": 100.0, "percent_statements_covered_display": "100", "num_branches": 0, "num_partial_branches": 0, "covered_branches": 0, "missing_branches": 0, "percent_branches_covered": 100.0, "percent_branches_covered_display": "100"}, "missing_lines": [], "excluded_lines": [], "start_line": 1127, "executed_branches": [], "missing_branches": []}, "_artifact_capability_is_issued": {"executed_lines": [1152, 1153], "summary": {"covered_lines": 2, "num_statements": 2, "percent_covered": 100.0, "percent_covered_display": "100", "missing_lines": 0, "excluded_lines": 0, "percent_statements_covered": 100.0, "percent_statements_covered_display": "100", "num_branches": 0, "num_partial_branches": 0, "covered_branches": 0, "missing_branches": 0, "percent_branches_covered": 100.0, "percent_branches_covered_display": "100"}, "missing_lines": [], "excluded_lines": [], "start_line": 1151, "executed_branches": [], "missing_branches": []}, "_request_capability_is_issued": {"executed_lines": [1170, 1174, 1175], "summary": {"covered_lines": 3, "num_statements": 3, "percent_covered": 100.0, "percent_covered_display": "100", "missing_lines": 0, "excluded_lines": 0, "percent_statements_covered": 100.0, "percent_statements_covered_display": "100", "num_branches": 0, "num_partial_branches": 0, "covered_branches": 0, "missing_branches": 0, "percent_branches_covered": 100.0, "percent_branches_covered_display": "100"}, "missing_lines": [], "excluded_lines": [], "start_line": 1169, "executed_branches": [], "missing_branches": []}, "_issue_artifact_replay_capability": {"executed_lines": [1201, 1202, 1203, 1211, 1218], "summary": {"covered_lines": 5, "num_statements": 5, "percent_covered": 100.0, "percent_covered_display": "100", "missing_lines": 0, "excluded_lines": 0, "percent_statements_covered": 100.0, "percent_statements_covered_display": "100", "num_branches": 0, "num_partial_branches": 0, "covered_branches": 0, "missing_branches": 0, "percent_branches_covered": 100.0, "percent_branches_covered_display": "100"}, "missing_lines": [], "excluded_lines": [], "start_line": 1197, "executed_branches": [], "missing_branches": []}, "_issue_validated_request_capability": {"executed_lines": [1226, 1227, 1228, 1229, 1242, 1254], "summary": {"covered_lines": 6, "num_statements": 6, "percent_covered": 100.0, "percent_covered_display": "100", "missing_lines": 0, "excluded_lines": 0, "percent_statements_covered": 100.0, "percent_statements_covered_display": "100", "num_branches": 0, "num_partial_branches": 0, "covered_branches": 0, "missing_branches": 0, "percent_branches_covered": 100.0, "percent_branches_covered_display": "100"}, "missing_lines": [], "excluded_lines": [], "start_line": 1221, "executed_branches": [], "missing_branches": []}, "_validate_request_with_artifact_capability": {"executed_lines": [1263, 1270, 1271, 1272], "summary": {"covered_lines": 4, "num_statements": 4, "percent_covered": 100.0, "percent_covered_display": "100", "missing_lines": 0, "excluded_lines": 0, "percent_statements_covered": 100.0, "percent_statements_covered_display": "100", "num_branches": 2, "num_partial_branches": 0, "covered_branches": 2, "missing_branches": 0, "percent_branches_covered": 100.0, "percent_branches_covered_display": "100"}, "missing_lines": [], "excluded_lines": [], "start_line": 1257, "executed_branches": [[1270, 1271], [1270, 1272]], "missing_branches": []}, "_validate_result_with_capability": {"executed_lines": [1288, 1295, 1296, 1297], "summary": {"covered_lines": 4, "num_statements": 4, "percent_covered": 100.0, "percent_covered_display": "100", "missing_lines": 0, "excluded_lines": 0, "percent_statements_covered": 100.0, "percent_statements_covered_display": "100", "num_branches": 2, "num_partial_branches": 0, "covered_branches": 2, "missing_branches": 0, "percent_branches_covered": 100.0, "percent_branches_covered_display": "100"}, "missing_lines": [], "excluded_lines": [], "start_line": 1282, "executed_branches": [[1295, 1296], [1295, 1297]], "missing_branches": []}, "HarmonizeProteoformAnalysisRequest.artifact_result_is_strict_and_canonical": {"executed_lines": [1327, 1328, 1329, 1332, 1338, 1339, 1340, 1341], "summary": {"covered_lines": 8, "num_statements": 8, "percent_covered": 91.66666666666667, "percent_covered_display": "92", "missing_lines": 0, "excluded_lines": 0, "percent_statements_covered": 100.0, "percent_statements_covered_display": "100", "num_branches": 4, "num_partial_branches": 1, "covered_branches": 3, "missing_branches": 1, "percent_branches_covered": 75.0, "percent_branches_covered_display": "75"}, "missing_lines": [], "excluded_lines": [], "start_line": 1319, "executed_branches": [[1332, 1338], [1332, 1341], [1338, 1339]], "missing_branches": [[1338, 1340]]}, "HarmonizeProteoformAnalysisRequest.request_is_authorized_and_closed": {"executed_lines": [1351, 1353, 1354, 1359, 1360, 1361, 1362, 1363, 1364, 1365, 1366, 1372, 1377, 1378, 1379, 1380, 1381, 1390, 1393, 1394, 1395, 1397, 1399, 1400, 1401, 1402, 1407, 1408, 1409, 1410, 1411, 1412, 1415, 1416, 1417, 1418, 1419, 1420, 1424], "summary": {"covered_lines": 39, "num_statements": 42, "percent_covered": 91.17647058823529, "percent_covered_display": "91", "missing_lines": 3, "excluded_lines": 0, "percent_statements_covered": 92.85714285714286, "percent_statements_covered_display": "93", "num_branches": 26, "num_partial_branches": 3, "covered_branches": 23, "missing_branches": 3, "percent_branches_covered": 88.46153846153847, "percent_branches_covered_display": "88"}, "missing_lines": [1396, 1398, 1423], "excluded_lines": [], "start_line": 1347, "executed_branches": [[1364, 1365], [1364, 1372], [1377, 1378], [1377, 1379], [1381, 1390], [1381, 1393], [1393, 1394], [1393, 1395], [1395, 1397], [1397, 1399], [1399, 1400], [1399, 1401], [1407, 1408], [1407, 1409], [1410, 1411], [1410, 1420], [1411, 1412], [1411, 1415], [1415, 1416], [1415, 1417], [1418, 1419], [1418, 1420], [1420, 1424]], "missing_branches": [[1395, 1396], [1397, 1398], [1420, 1423]]}, "_validate_active_profile_members": {"executed_lines": [1431, 1432, 1433, 1436, 1437, 1443, 1448], "summary": {"covered_lines": 7, "num_statements": 7, "percent_covered": 100.0, "percent_covered_display": "100", "missing_lines": 0, "excluded_lines": 0, "percent_statements_covered": 100.0, "percent_statements_covered_display": "100", "num_branches": 6, "num_partial_branches": 0, "covered_branches": 6, "missing_branches": 0, "percent_branches_covered": 100.0, "percent_branches_covered_display": "100"}, "missing_lines": [], "excluded_lines": [], "start_line": 1427, "executed_branches": [[1432, -1427], [1432, 1433], [1433, 1436], [1433, 1437], [1443, 1432], [1443, 1448]], "missing_branches": []}, "_artifact_references": {"executed_lines": [1454, 1455, 1466, 1467, 1468, 1469, 1474], "summary": {"covered_lines": 7, "num_statements": 7, "percent_covered": 100.0, "percent_covered_display": "100", "missing_lines": 0, "excluded_lines": 0, "percent_statements_covered": 100.0, "percent_statements_covered_display": "100", "num_branches": 2, "num_partial_branches": 0, "covered_branches": 2, "missing_branches": 0, "percent_branches_covered": 100.0, "percent_branches_covered_display": "100"}, "missing_lines": [], "excluded_lines": [], "start_line": 1451, "executed_branches": [[1467, 1468], [1467, 1474]], "missing_branches": []}, "_validate_artifact_reference_consistency": {"executed_lines": [1480, 1481, 1482, 1483, 1484, 1485, 1486], "summary": {"covered_lines": 7, "num_statements": 7, "percent_covered": 100.0, "percent_covered_display": "100", "missing_lines": 0, "excluded_lines": 0, "percent_statements_covered": 100.0, "percent_statements_covered_display": "100", 
[...]
"100", "missing_lines": 0, "excluded_lines": 0, "percent_statements_covered": 100.0, "percent_statements_covered_display": "100", "num_branches": 0, "num_partial_branches": 0, "covered_branches": 0, "missing_branches": 0, "percent_branches_covered": 100.0, "percent_branches_covered_display": "100"}, "missing_lines": [], "excluded_lines": [], "start_line": 263, "executed_branches": [], "missing_branches": []}, "": {"executed_lines": [3, 5, 6, 7, 9, 11, 15, 29, 38, 39, 40, 44, 45, 46, 47, 48, 49, 50, 51, 52, 53, 54, 55, 58, 61, 65, 66, 70, 73, 75, 81, 87, 96, 101, 104, 107, 108, 109, 110, 111, 112, 113, 122, 125, 126, 127, 128, 131, 137, 140, 145, 146, 147, 151, 152, 156, 160, 161, 162, 166, 170, 175, 176, 177, 178, 179, 183, 194, 195, 196, 197, 198, 201, 204, 205, 208, 209, 210, 211, 212, 213, 218, 219, 224, 225, 228, 229, 230, 233, 234, 235, 236, 237, 238, 243, 244, 250, 253, 254, 255, 256, 257, 258, 259, 260, 263, 264, 268, 274, 275, 276, 277, 278, 279, 280, 281, 282, 286, 291, 292, 300, 301, 302, 307, 308, 316, 317, 318, 319, 320, 324, 325, 326, 330, 331, 335, 338, 339, 342, 346, 347, 348, 349, 355, 365, 397, 400, 401, 406, 409], "summary": {"covered_lines": 150, "num_statements": 150, "percent_covered": 100.0, "percent_covered_display": "100", "missing_lines": 0, "excluded_lines": 0, "percent_statements_covered": 100.0, "percent_statements_covered_display": "100", "num_branches": 52, "num_partial_branches": 0, "covered_branches": 52, "missing_branches": 0, "percent_branches_covered": 100.0, "percent_branches_covered_display": "100"}, "missing_lines": [], "excluded_lines": [], "start_line": 1, "executed_branches": [[108, 109], [108, 110], [127, -104], [127, 128], [160, 161], [160, 162], [176, 177], [176, 183], [178, 179], [178, 183], [194, 195], [194, 198], [196, 194], [196, 197], [210, 211], [210, 212], [212, 213], [212, 218], [219, 224], [219, 225], [235, 236], [235, 237], [237, 238], [237, 243], [244, -233], [244, 250], [254, 255], [254, 256], [257, 258], [257, 260], [274, 275], [274, 276], [278, 279], [278, 280], [281, 282], [281, 300], [286, 291], [286, 292], [300, 301], [300, 316], [302, 307], [302, 308], [316, 317], [316, 324], [318, 319], [318, 320], [324, 325], [324, 335], [326, 330], [326, 331], [335, 338], [335, 339]], "missing_branches": []}}}, "src\\glio_proteogen\\modules\\c04_proteoform_isoform\\m04_06_harmonization\\kernel.py": {"executed_lines": [3, 5, 6, 8, 21, 22, 25, 26, 27, 28, 31, 34, 36, 46, 52, 60, 65, 68], "summary": {"covered_lines": 18, "num_statements": 18, "percent_covered": 100.0, "percent_covered_display": "100", "missing_lines": 0, "excluded_lines": 2, "percent_statements_covered": 100.0, "percent_statements_covered_display": "100", "num_branches": 0, "num_partial_branches": 0, "covered_branches": 0, "missing_branches": 0, "percent_branches_covered": 100.0, "percent_branches_covered_display": "100"}, "missing_lines": [], "excluded_lines": [17, 18], "executed_branches": [], "missing_branches": [], "functions": {"M0406ProteoformHarmonizationKernel.harmonize": {"executed_lines": [46, 52], "summary": {"covered_lines": 2, "num_statements": 2, "percent_covered": 100.0, "percent_covered_display": "100", "missing_lines": 0, "excluded_lines": 0, "percent_statements_covered": 100.0, "percent_statements_covered_display": "100", "num_branches": 0, "num_partial_branches": 0, "covered_branches": 0, "missing_branches": 0, "percent_branches_covered": 100.0, "percent_branches_covered_display": "100"}, "missing_lines": [], "excluded_lines": [], "start_line": 36, "executed_branches": [], "missing_branches": []}, "execute_proteoform_harmonization": {"executed_lines": [65], "summary": {"covered_lines": 1, "num_statements": 1, "percent_covered": 100.0, "percent_covered_display": "100", "missing_lines": 0, "excluded_lines": 0, "percent_statements_covered": 100.0, "percent_statements_covered_display": "100", "num_branches": 0, "num_partial_branches": 0, "covered_branches": 0, "missing_branches": 0, "percent_branches_covered": 100.0, "percent_branches_covered_display": "100"}, "missing_lines": [], "excluded_lines": [], "start_line": 60, "executed_branches": [], "missing_branches": []}, "": {"executed_lines": [3, 5, 6, 8, 21, 22, 25, 26, 27, 28, 31, 34, 36, 60, 68], "summary": {"covered_lines": 15, "num_statements": 15, "percent_covered": 100.0, "percent_covered_display": "100", "missing_lines": 0, "excluded_lines": 2, "percent_statements_covered": 100.0, "percent_statements_covered_display": "100", "num_branches": 0, "num_partial_branches": 0, "covered_branches": 0, "missing_branches": 0, "percent_branches_covered": 100.0, "percent_branches_covered_display": "100"}, "missing_lines": [], "excluded_lines": [17, 18], "start_line": 1, "executed_branches": [], "missing_branches": []}}, "classes": {"ProteoformHarmonizationExecution": {"executed_lines": [], "summary": {"covered_lines": 0, "num_statements": 0, "percent_covered": 100.0, "percent_covered_display": "100", "missing_lines": 0, "excluded_lines": 0, "percent_statements_covered": 100.0, "percent_statements_covered_display": "100", "num_branches": 0, "num_partial_branches": 0, "covered_branches": 0, "missing_branches": 0, "percent_branches_covered": 100.0, "percent_branches_covered_display": "100"}, "missing_lines": [], "excluded_lines": [], "start_line": 22, "executed_branches": [], "missing_branches": []}, "M0406ProteoformHarmonizationKernel": {"executed_lines": [46, 52], "summary": {"covered_lines": 2, "num_statements": 2, "percent_covered": 100.0, "percent_covered_display": "100", "missing_lines": 0, "excluded_lines": 0, "percent_statements_covered": 100.0, "percent_statements_covered_display": "100", "num_branches": 0, "num_partial_branches": 0, "covered_branches": 0, "missing_branches": 0, "percent_branches_covered": 100.0, "percent_branches_covered_display": "100"}, "missing_lines": [], "excluded_lines": [], "start_line": 31, "executed_branches": [], "missing_branches": []}, "": {"executed_lines": [3, 5, 6, 8, 21, 22, 25, 26, 27, 28, 31, 34, 36, 60, 65, 68], "summary": {"covered_lines": 16, "num_statements": 16, "percent_covered": 100.0, "percent_covered_display": "100", "missing_lines": 0, "excluded_lines": 2, "percent_statements_covered": 100.0, "percent_statements_covered_display": "100", "num_branches": 0, "num_partial_branches": 0, "covered_branches": 0, "missing_branches": 0, "percent_branches_covered": 100.0, "percent_branches_covered_display": "100"}, "missing_lines": [], "excluded_lines": [17, 18], "start_line": 1, "executed_branches": [], "missing_branches": []}}}, "src\\glio_proteogen\\modules\\c04_proteoform_isoform\\m04_06_harmonization\\plugin.py": {"executed_lines": [3, 5, 6, 7, 9, 12, 15, 21, 22, 23, 24, 34, 35, 51, 52, 55, 56, 59, 72, 75, 78, 79, 80, 81, 82, 83, 89, 90, 93, 94, 95, 98, 101, 103, 104, 106, 107, 109, 110, 111, 112, 113, 117, 119, 120, 121, 127, 129, 130, 135, 136, 139], "summary": {"covered_lines": 52, "num_statements": 52, "percent_covered": 100.0, "percent_covered_display": "100", "missing_lines": 0, "excluded_lines": 3, "percent_statements_covered": 100.0, "percent_statements_covered_display": "100", "num_branches": 6, "num_partial_branches": 0, "covered_branches": 6, "missing_branches": 0, "percent_branches_covered": 100.0, "percent_branches_covered_display": "100"}, "missing_lines": [], "excluded_lines": [28, 29, 30], "executed_branches": [[80, 81], [80, 82], [111, 112], [111, 119], [130, 135], [130, 136]], "missing_branches": [], "functions": {"_upstream_snapshot": {"executed_lines": [75], "summary": {"covered_lines": 1, "num_statements": 1, "percent_covered": 100.0, "percent_covered_display": "100", "missing_lines": 0, "excluded_lines": 0, "percent_statements_covered": 100.0, "percent_statements_covered_display": "100", "num_branches": 0, "num_partial_branches": 0, "covered_branches": 0, "missing_branches": 0, "percent_branches_covered": 100.0, "percent_branches_covered_display": "100"}, "missing_lines": [], "excluded_lines": [], "start_line": 72, "executed_branches": [], "missing_branches": []}, "_token_is_issued": {"executed_lines": [79, 80, 81, 82, 83, 89, 90], "summary": {"covered_lines": 7, "num_statements": 7, "percent_covered": 100.0, "percent_covered_display": "100", "missing_lines": 0, "excluded_lines": 0, "percent_statements_covered": 100.0, "percent_statements_covered_display": "100", "num_branches": 2, "num_partial_branches": 0, "covered_branches": 2, "missing_branches": 0, "percent_branches_covered": 100.0, "percent_branches_covered_display": "100"}, "missing_lines": [], "excluded_lines": [], "start_line": 78, "executed_branches": [[80, 81], [80, 82]], "missing_branches": []}, "_InvalidExecutionTokenError.__init__": {"executed_lines": [95], "summary": {"covered_lines": 1, "num_statements": 1, "percent_covered": 100.0, "percent_covered_display": "100", "missing_lines": 0, "excluded_lines": 0, "percent_statements_covered": 100.0, "percent_statements_covered_display": "100", "num_branches": 0, "num_partial_branches": 0, "covered_branches": 0, "missing_branches": 0, "percent_branches_covered": 100.0, "percent_branches_covered_display": "100"}, "missing_lines": [], "excluded_lines": [], "start_line": 94, "executed_branches": [], "missing_branches": []}, "M0406Plugin.__init__": {"executed_lines": [104], "summary": {"covered_lines": 1, "num_statements": 1, "percent_covered": 100.0, "percent_covered_display": "100", "missing_lines": 0, "excluded_lines": 0, "percent_statements_covered": 100.0, "percent_statements_covered_display": "100", "num_branches": 0, "num_partial_branches": 0, "covered_branches": 0, "missing_branches": 0, "percent_branches_covered": 100.0, "percent_branches_covered_display": "100"}, "missing_lines": [], "excluded_lines": [], "start_line": 103, "executed_branches": [], "missing_branches": []}, "M0406Plugin.descriptor": {"executed_lines": [107], "summary": {"covered_lines": 1, "num_statements": 1, "percent_covered": 100.0, "percent_covered_display": "100", "missing_lines": 0, "excluded_lines": 0, "percent_statements_covered": 100.0, "percent_statements_covered_display": "100", "num_branches": 0, "num_partial_branches": 0, "covered_branches": 0, "missing_branches": 0, "percent_branches_covered": 100.0, "percent_branches_covered_display": "100"}, "missing_lines": [], "excluded_lines": [], "start_line": 106, "executed_branches": [], "missing_branches": []}, "M0406Plugin.validate": {"executed_lines": [110, 111, 112, 113, 117, 119, 120, 121, 127], "summary": {"covered_lines": 9, "num_statements": 9, "percent_covered": 100.0, "percent_covered_display": "100", "missing_lines": 0, "excluded_lines": 0, "percent_statements_covered": 100.0, "percent_statements_covered_display": "100", "num_branches": 2, "num_partial_branches": 0, "covered_branches": 2, "missing_branches": 0, "percent_branches_covered": 100.0, "percent_branches_covered_display": "100"}, "missing_lines": [], "excluded_lines": [], "start_line": 109, "executed_branches": [[111, 112], [111, 119]], "missing_branches": []}, "M0406Plugin.run": {"executed_lines": [130, 135, 136], "summary": {"covered_lines": 3, "num_statements": 3, "percent_covered": 100.0, "percent_covered_display": "100", "missing_lines": 0, "excluded_lines": 0, "percent_statements_covered": 100.0, "percent_statements_covered_display": "100", "num_branches": 2, "num_partial_branches": 0, "covered_branches": 2, "missing_branches": 0, "percent_branches_covered": 100.0, "percent_branches_covered_display": "100"}, "missing_lines": [], "excluded_lines": [], "start_line": 129, "executed_branches": [[130, 135], [130, 136]], "missing_branches": []}, "": {"executed_lines": [3, 5, 6, 7, 9, 12, 15, 21, 22, 23, 24, 34, 35, 51, 52, 55, 56, 59, 72, 78, 93, 94, 98, 101, 103, 106, 109, 129, 139], "summary": {"covered_lines": 29, "num_statements": 29, "percent_covered": 100.0, "percent_covered_display": "100", "missing_lines": 0, "excluded_lines": 3, "percent_statements_covered": 100.0, "percent_statements_covered_display": "100", "num_branches": 0, "num_partial_branches": 0, "covered_branches": 0, "missing_branches": 0, "percent_branches_covered": 100.0, "percent_branches_covered_display": "100"}, "missing_lines": [], "excluded_lines": [28, 29, 30], "start_line": 1, "executed_branches": [], "missing_branches": []}}, "classes": {"ValidatedM0406Request": {"executed_lines": [], "summary": {"covered_lines": 0, "num_statements": 0, "percent_covered": 100.0, "percent_covered_display": "100", "missing_lines": 0, "excluded_lines": 0, "percent_statements_covered": 100.0, "percent_statements_covered_display": "100", "num_branches": 0, "num_partial_branches": 0, "covered_branches": 0, "missing_branches": 0, "percent_branches_covered": 100.0, "percent_branches_covered_display": "100"}, "missing_lines": [], "excluded_lines": [], "start_line": 52, "executed_branches": [], "missing_branches": []}, "_InvalidExecutionTokenError": {"executed_lines": [95], "summary": {"covered_lines": 1, "num_statements": 1, "percent_covered": 100.0, "percent_covered_display": "100", "missing_lines": 0, "excluded_lines": 0, "percent_statements_covered": 100.0, "percent_statements_covered_display": "100", "num_branches": 0, "num_partial_branches": 0, "covered_branches": 0, "missing_branches": 0, "percent_branches_covered": 100.0, "percent_branches_covered_display": "100"}, "missing_lines": [], "excluded_lines": [], "start_line": 93, "executed_branches": [], "missing_branches": []}, "M0406Plugin": {"executed_lines": [104, 107, 110, 111, 112, 113, 117, 119, 120, 121, 127, 130, 135, 136], "summary": {"covered_lines": 14, "num_statements": 14, "percent_covered": 100.0, "percent_covered_display": "100", "missing_lines": 0, "excluded_lines": 0, "percent_statements_covered": 100.0, "percent_statements_covered_display": "100", "num_branches": 4, "num_partial_branches": 0, "covered_branches": 4, "missing_branches": 0, "percent_branches_covered": 100.0, "percent_branches_covered_display": "100"}, "missing_lines": [], "excluded_lines": [], "start_line": 98, "executed_branches": [[111, 112], [111, 119], [130, 135], [130, 136]], "missing_branches": []}, "": {"executed_lines": [3, 5, 6, 7, 9, 12, 15, 21, 22, 23, 24, 34, 35, 51, 52, 55, 56, 59, 72, 75, 78, 79, 80, 81, 82, 83, 89, 90, 93, 94, 98, 101, 103, 106, 109, 129, 139], "summary": {"covered_lines": 37, "num_statements": 37, "percent_covered": 100.0, "percent_covered_display": "100", "missing_lines": 0, "excluded_lines": 3, "percent_statements_covered": 100.0, "percent_statements_covered_display": "100", "num_branches": 2, "num_partial_branches": 0, "covered_branches": 2, "missing_branches": 0, "percent_branches_covered": 100.0, "percent_branches_covered_display": "100"}, "missing_lines": [], "excluded_lines": [28, 29, 30], "start_line": 1, "executed_branches": [[80, 81], [80, 82]], "missing_branches": []}}}, "src\\glio_proteogen\\modules\\c04_proteoform_isoform\\m04_06_harmonization\\service.py": {"executed_lines": [3, 7, 14, 17, 19, 23, 25, 26, 27, 29, 33, 35, 36, 39], "summary": {"covered_lines": 14, "num_statements": 14, "percent_covered": 100.0, "percent_covered_display": "100", "missing_lines": 0, "excluded_lines": 0, "percent_statements_covered": 100.0, "percent_statements_covered_display": "100", "num_branches": 0, "num_partial_branches": 0, "covered_branches": 0, "missing_branches": 0, "percent_branches_covered": 100.0, "percent_branches_covered_display": "100"}, "missing_lines": [], "excluded_lines": [], "executed_branches": [], "missing_branches": [], "functions": {"M0406Service.__init__": {"executed_lines": [23], "summary": {"covered_lines": 1, "num_statements": 1, "percent_covered": 100.0, "percent_covered_display": "100", "missing_lines": 0, "excluded_lines": 0, "percent_statements_covered": 100.0, "percent_statements_covered_display": "100", "num_branches": 0, "num_partial_branches": 0, "covered_branches": 0, "missing_branches": 0, "percent_branches_covered": 100.0, "percent_branches_covered_display": "100"}, "missing_lines": [], "excluded_lines": [], "start_line": 19, "executed_branches": [], "missing_branches": []}, "M0406Service.validate_request": {"executed_lines": [27], "summary": {"covered_lines": 1, "num_statements": 1, "percent_covered": 100.0, "percent_covered_display": "100", "missing_lines": 0, "excluded_lines": 0, "percent_statements_covered": 100.0, "percent_statements_covered_display": "100", "num_branches": 0, "num_partial_branches": 0, "covered_branches": 0, "missing_branches": 0, "percent_branches_covered": 100.0, "percent_branches_covered_display": "100"}, "missing_lines": [], "excluded_lines": [], "start_line": 26, "executed_branches": [], "missing_branches": []}, "M0406Service._execute_validated": {"executed_lines": [33], "summary": {"covered_lines": 1, "num_statements": 1, "percent_covered": 100.0, "percent_covered_display": "100", "missing_lines": 0, "excluded_lines": 0, "percent_statements_covered": 100.0, "percent_statements_covered_display": "100", "num_branches": 0, "num_partial_branches": 0, "covered_branches": 0, "missing_branches": 0, "percent_branches_covered": 100.0, "percent_branches_covered_display": "100"}, "missing_lines": [], "excluded_lines": [], "start_line": 29, "executed_branches": [], "missing_branches": []}, "M0406Service.execute": {"executed_lines": [36], "summary": {"covered_lines": 1, "num_statements": 1, "percent_covered": 100.0, "percent_covered_display": "100", "missing_lines": 0, "excluded_lines": 0, "percent_statements_covered": 100.0, "percent_statements_covered_display": "100", "num_branches": 0, "num_partial_branches": 0, "covered_branches": 0, "missing_branches": 0, "percent_branches_covered": 100.0, "percent_branches_covered_display": "100"}, "missing_lines": [], "excluded_lines": [], "start_line": 35, "executed_branches": [], "missing_branches": []}, "": {"executed_lines": [3, 7, 14, 17, 19, 25, 26, 29, 35, 39], "summary": {"covered_lines": 10, "num_statements": 10, "percent_covered": 100.0, "percent_covered_display": "100", "missing_lines": 0, "excluded_lines": 0, "percent_statements_covered": 100.0, "percent_statements_covered_display": "100", "num_branches": 0, "num_partial_branches": 0, "covered_branches": 0, "missing_branches": 0, "percent_branches_covered": 100.0, "percent_branches_covered_display": "100"}, "missing_lines": [], "excluded_lines": [], "start_line": 1, "executed_branches": [], "missing_branches": []}}, "classes": {"M0406Service": {"executed_lines": [23, 27, 33, 36], "summary": {"covered_lines": 4, "num_statements": 4, "percent_covered": 100.0, "percent_covered_display": "100", "missing_lines": 0, "excluded_lines": 0, "percent_statements_covered": 100.0, "percent_statements_covered_display": "100", "num_branches": 0, "num_partial_branches": 0, "covered_branches": 0, "missing_branches": 0, "percent_branches_covered": 100.0, "percent_branches_covered_display": "100"}, "missing_lines": [], "excluded_lines": [], "start_line": 14, "executed_branches": [], "missing_branches": []}, "": {"executed_lines": [3, 7, 14, 17, 19, 25, 26, 29, 35, 39], "summary": {"covered_lines": 10, "num_statements": 10, "percent_covered": 100.0, "percent_covered_display": "100", "missing_lines": 0, "excluded_lines": 0, "percent_statements_covered": 100.0, "percent_statements_covered_display": "100", "num_branches": 0, "num_partial_branches": 0, "covered_branches": 0, "missing_branches": 0, "percent_branches_covered": 100.0, "percent_branches_covered_display": "100"}, "missing_lines": [], "excluded_lines": [], "start_line": 1, "executed_branches": [], "missing_branches": []}}}}, "totals": {"covered_lines": 1861, "num_statements": 1923, "percent_covered": 95.24596940884663, "percent_covered_display": "95", "missing_lines": 62, "excluded_lines": 12, "percent_statements_covered": 96.77587103484139, "percent_statements_covered_display": "97", "num_branches": 496, "num_partial_branches": 45, "covered_branches": 443, "missing_branches": 53, "percent_branches_covered": 89.31451612903226, "percent_branches_covered_display": "89"}}