{"meta": {"format": 3, "version": "7.15.4", "timestamp": "2026-08-15T03:16:06.849943", "branch_coverage": true, "show_contexts": false}, "files": {"src\\glio_proteogen\\adapters\\m0704.py": {"executed_lines": [8, 10, 11, 13, 14, 15, 17, 24, 25, 30, 40, 41, 44, 45, 46, 49, 54, 60, 62, 63, 64, 65, 66, 68, 72, 73, 74, 77, 78, 79, 83, 84, 85, 86, 91, 95, 96, 97, 100, 101, 102, 106, 107, 109, 112, 119, 120, 125, 126, 127, 128, 129, 130, 131, 134, 135, 136, 139, 140, 145, 146, 147, 148, 149, 150, 153, 154, 159, 160, 161, 162, 163, 164, 165, 166, 167, 170, 171, 176, 177, 180, 181, 182, 183, 184, 185, 186, 187, 190], "summary": {"covered_lines": 89, "num_statements": 89, "percent_covered": 100.0, "percent_covered_display": "100", "missing_lines": 0, "excluded_lines": 2, "percent_statements_covered": 100.0, "percent_statements_covered_display": "100", "num_branches": 6, "num_partial_branches": 0, "covered_branches": 6, "missing_branches": 0, "percent_branches_covered": 100.0, "percent_branches_covered_display": "100"}, "missing_lines": [], "excluded_lines": [37, 38], "executed_branches": [[64, 65], [64, 66], [125, 126], [125, 128], [128, 129], [128, 131]], "missing_branches": [], "functions": {"_strict_json_bytes": {"executed_lines": [45, 46], "summary": {"covered_lines": 2, "num_statements": 2, "percent_covered": 100.0, "percent_covered_display": "100", "missing_lines": 0, "excluded_lines": 0, "percent_statements_covered": 100.0, "percent_statements_covered_display": "100", "num_branches": 0, "num_partial_branches": 0, "covered_branches": 0, "missing_branches": 0, "percent_branches_covered": 100.0, "percent_branches_covered_display": "100"}, "missing_lines": [], "excluded_lines": [], "start_line": 44, "executed_branches": [], "missing_branches": []}, "create_m0704_app": {"executed_lines": [54, 60, 62, 63, 68, 72, 91, 95, 109], "summary": {"covered_lines": 9, "num_statements": 9, "percent_covered": 100.0, "percent_covered_display": "100", "missing_lines": 0, "excluded_lines": 0, "percent_statements_covered": 100.0, "percent_statements_covered_display": "100", "num_branches": 0, "num_partial_branches": 0, "covered_branches": 0, "missing_branches": 0, "percent_branches_covered": 100.0, "percent_branches_covered_display": "100"}, "missing_lines": [], "excluded_lines": [], "start_line": 49, "executed_branches": [], "missing_branches": []}, "create_m0704_app.schema": {"executed_lines": [64, 65, 66], "summary": {"covered_lines": 3, "num_statements": 3, "percent_covered": 100.0, "percent_covered_display": "100", "missing_lines": 0, "excluded_lines": 0, "percent_statements_covered": 100.0, "percent_statements_covered_display": "100", "num_branches": 2, "num_partial_branches": 0, "covered_branches": 2, "missing_branches": 0, "percent_branches_covered": 100.0, "percent_branches_covered_display": "100"}, "missing_lines": [], "excluded_lines": [], "start_line": 63, "executed_branches": [[64, 65], [64, 66]], "missing_branches": []}, "create_m0704_app.estimate": {"executed_lines": [73, 74, 77, 78, 79, 83, 84, 85, 86], "summary": {"covered_lines": 9, "num_statements": 9, "percent_covered": 100.0, "percent_covered_display": "100", "missing_lines": 0, "excluded_lines": 0, "percent_statements_covered": 100.0, "percent_statements_covered_display": "100", "num_branches": 0, "num_partial_branches": 0, "covered_branches": 0, "missing_branches": 0, "percent_branches_covered": 100.0, "percent_branches_covered_display": "100"}, "missing_lines": [], "excluded_lines": [], "start_line": 72, "executed_branches": [], "missing_branches": []}, "create_m0704_app.verify": {"executed_lines": [96, 97, 100, 101, 102, 106, 107], "summary": {"covered_lines": 7, "num_statements": 7, "percent_covered": 100.0, "percent_covered_display": "100", "missing_lines": 0, "excluded_lines": 0, "percent_statements_covered": 100.0, "percent_statements_covered_display": "100", "num_branches": 0, "num_partial_branches": 0, "covered_branches": 0, "missing_branches": 0, "percent_branches_covered": 100.0, "percent_branches_covered_display": "100"}, "missing_lines": [], "excluded_lines": [], "start_line": 95, "executed_branches": [], "missing_branches": []}, "export_schema": {"executed_lines": [125, 126, 127, 128, 129, 130, 131], "summary": {"covered_lines": 7, "num_statements": 7, "percent_covered": 100.0, "percent_covered_display": "100", "missing_lines": 0, "excluded_lines": 0, "percent_statements_covered": 100.0, "percent_statements_covered_display": "100", "num_branches": 4, "num_partial_branches": 0, "covered_branches": 4, "missing_branches": 0, "percent_branches_covered": 100.0, "percent_branches_covered_display": "100"}, "missing_lines": [], "excluded_lines": [], "start_line": 120, "executed_branches": [[125, 126], [125, 128], [128, 129], [128, 131]], "missing_branches": []}, "_read_request": {"executed_lines": [135, 136], "summary": {"covered_lines": 2, "num_statements": 2, "percent_covered": 100.0, "percent_covered_display": "100", "missing_lines": 0, "excluded_lines": 0, "percent_statements_covered": 100.0, "percent_statements_covered_display": "100", "num_branches": 0, "num_partial_branches": 0, "covered_branches": 0, "missing_branches": 0, "percent_branches_covered": 100.0, "percent_branches_covered_display": "100"}, "missing_lines": [], "excluded_lines": [], "start_line": 134, "executed_branches": [], "missing_branches": []}, "validate_request": {"executed_lines": [145, 146, 147, 148, 149, 150], "summary": {"covered_lines": 6, "num_statements": 6, "percent_covered": 100.0, "percent_covered_display": "100", "missing_lines": 0, "excluded_lines": 0, "percent_statements_covered": 100.0, "percent_statements_covered_display": "100", "num_branches": 0, "num_partial_branches": 0, "covered_branches": 0, "missing_branches": 0, "percent_branches_covered": 100.0, "percent_branches_covered_display": "100"}, "missing_lines": [], "excluded_lines": [], "start_line": 140, "executed_branches": [], "missing_branches": []}, "estimate_request": {"executed_lines": [159, 160, 161, 162, 163, 164, 165, 166, 167], "summary": {"covered_lines": 9, "num_statements": 9, "percent_covered": 100.0, "percent_covered_display": "100", "missing_lines": 0, "excluded_lines": 0, "percent_statements_covered": 100.0, "percent_statements_covered_display": "100", "num_branches": 0, "num_partial_branches": 0, "covered_branches": 0, "missing_branches": 0, "percent_branches_covered": 100.0, "percent_branches_covered_display": "100"}, "missing_lines": [], "excluded_lines": [], "start_line": 154, "executed_branches": [], "missing_branches": []}, "verify_request": {"executed_lines": [176, 177, 180, 181, 182, 183, 184, 185, 186, 187], "summary": {"covered_lines": 10, "num_statements": 10, "percent_covered": 100.0, "percent_covered_display": "100", "missing_lines": 0, "excluded_lines": 0, "percent_statements_covered": 100.0, "percent_statements_covered_display": "100", "num_branches": 0, "num_partial_branches": 0, "covered_branches": 0, "missing_branches": 0, "percent_branches_covered": 100.0, "percent_branches_covered_display": "100"}, "missing_lines": [], "excluded_lines": [], "start_line": 171, "executed_branches": [], "missing_branches": []}, "": {"executed_lines": [8, 10, 11, 13, 14, 15, 17, 24, 25, 30, 40, 41, 44, 49, 112, 119, 120, 134, 139, 140, 153, 154, 170, 171, 190], "summary": {"covered_lines": 25, "num_statements": 25, "percent_covered": 100.0, "percent_covered_display": "100", "missing_lines": 0, "excluded_lines": 2, "percent_statements_covered": 100.0, "percent_statements_covered_display": "100", "num_branches": 0, "num_partial_branches": 0, "covered_branches": 0, "missing_branches": 0, "percent_branches_covered": 100.0, "percent_branches_covered_display": "100"}, "missing_lines": [], "excluded_lines": [37, 38], "start_line": 1, "executed_branches": [], "missing_branches": []}}, "classes": {"": {"executed_lines": [8, 10, 11, 13, 14, 15, 17, 24, 25, 30, 40, 41, 44, 45, 46, 49, 54, 60, 62, 63, 64, 65, 66, 68, 72, 73, 74, 77, 78, 79, 83, 84, 85, 86, 91, 95, 96, 97, 100, 101, 102, 106, 107, 109, 112, 119, 120, 125, 126, 127, 128, 129, 130, 131, 134, 135, 136, 139, 140, 145, 146, 147, 148, 149, 150, 153, 154, 159, 160, 161, 162, 163, 164, 165, 166, 167, 170, 171, 176, 177, 180, 181, 182, 183, 184, 185, 186, 187, 190], "summary": {"covered_lines": 89, "num_statements": 89, "percent_covered": 100.0, "percent_covered_display": "100", "missing_lines": 0, "excluded_lines": 2, "percent_statements_covered": 100.0, "percent_statements_covered_display": "100", "num_branches": 6, "num_partial_branches": 0, "covered_branches": 6, "missing_branches": 0, "percent_branches_covered": 100.0, "percent_branches_covered_display": "100"}, "missing_lines": [], "excluded_lines": [37, 38], "start_line": 1, "executed_branches": [[64, 65], [64, 66], [125, 126], [125, 128], [128, 129], [128, 131]], "missing_branches": []}}}, "src\\glio_proteogen\\contracts\\m07_04\\__init__.py": {"executed_lines": [3, 11, 18, 52], "summary": {"covered_lines": 4, "num_statements": 4, "percent_covered": 100.0, "percent_covered_display": "100", "missing_lines": 0, "excluded_lines": 0, "percent_statements_covered": 100.0, "percent_statements_covered_display": "100", "num_branches": 0, "num_partial_branches": 0, "covered_branches": 0, "missing_branches": 0, "percent_branches_covered": 100.0, "percent_branches_covered_display": "100"}, "missing_lines": [], "excluded_lines": [], "executed_branches": [], "missing_branches": [], "functions": {"": {"executed_lines": [3, 11, 18, 52], "summary": {"covered_lines": 4, "num_statements": 4, "percent_covered": 100.0, "percent_covered_display": "100", "missing_lines": 0, "excluded_lines": 0, "percent_statements_covered": 100.0, "percent_statements_covered_display": "100", "num_branches": 0, "num_partial_branches": 0, "covered_branches": 0, "missing_branches": 0, "percent_branches_covered": 100.0, "percent_branches_covered_display": "100"}, "missing_lines": [], "excluded_lines": [], "start_line": 1, "executed_branches": [], "missing_branches": []}}, "classes": {"": {"executed_lines": [3, 11, 18, 52], "summary": {"covered_lines": 4, "num_statements": 4, "percent_covered": 100.0, "percent_covered_display": "100", "missing_lines": 0, "excluded_lines": 0, "percent_statements_covered": 100.0, "percent_statements_covered_display": "100", "num_branches": 0, "num_partial_branches": 0, "covered_branches": 0, "missing_branches": 0, "percent_branches_covered": 100.0, "percent_branches_covered_display": "100"}, "missing_lines": [], "excluded_lines": [], "start_line": 1, "executed_branches": [], "missing_branches": []}}}, "src\\glio_proteogen\\contracts\\m07_04\\canonical.py": {"executed_lines": [3, 5, 7, 9, 15, 16, 17, 18, 21, 22, 25, 26, 29, 30, 31, 32, 35, 36, 39, 42, 45, 48, 49, 50, 51, 53, 54, 55, 56, 59], "summary": {"covered_lines": 30, "num_statements": 30, "percent_covered": 100.0, "percent_covered_display": "100", "missing_lines": 0, "excluded_lines": 2, "percent_statements_covered": 100.0, "percent_statements_covered_display": "100", "num_branches": 8, "num_partial_branches": 0, "covered_branches": 8, "missing_branches": 0, "percent_branches_covered": 100.0, "percent_branches_covered_display": "100"}, "missing_lines": [], "excluded_lines": [11, 12], "executed_branches": [[16, 17], [16, 18], [48, 49], [48, 50], [50, 51], [50, 53], [54, 55], [54, 56]], "missing_branches": [], "functions": {"_dump": {"executed_lines": [16, 17, 18], "summary": {"covered_lines": 3, "num_statements": 3, "percent_covered": 100.0, "percent_covered_display": "100", "missing_lines": 0, "excluded_lines": 0, "percent_statements_covered": 100.0, "percent_statements_covered_display": "100", "num_branches": 2, "num_partial_branches": 0, "covered_branches": 2, "missing_branches": 0, "percent_branches_covered": 100.0, "percent_branches_covered_display": "100"}, "missing_lines": [], "excluded_lines": [], "start_line": 15, "executed_branches": [[16, 17], [16, 18]], "missing_branches": []}, "normalized_request": {"executed_lines": [22], "summary": {"covered_lines": 1, "num_statements": 1, "percent_covered": 100.0, "percent_covered_display": "100", "missing_lines": 0, "excluded_lines": 0, "percent_statements_covered": 100.0, "percent_statements_covered_display": "100", "num_branches": 0, "num_partial_branches": 0, "covered_branches": 0, "missing_branches": 0, "percent_branches_covered": 100.0, "percent_branches_covered_display": "100"}, "missing_lines": [], "excluded_lines": [], "start_line": 21, "executed_branches": [], "missing_branches": []}, "canonical_request_digest": {"executed_lines": [26], "summary": {"covered_lines": 1, "num_statements": 1, "percent_covered": 100.0, "percent_covered_display": "100", "missing_lines": 0, "excluded_lines": 0, "percent_statements_covered": 100.0, "percent_statements_covered_display": "100", "num_branches": 0, "num_partial_branches": 0, "covered_branches": 0, "missing_branches": 0, "percent_branches_covered": 100.0, "percent_branches_covered_display": "100"}, "missing_lines": [], "excluded_lines": [], "start_line": 25, "executed_branches": [], "missing_branches": []}, "normalized_result_payload": {"executed_lines": [30, 31, 32], "summary": {"covered_lines": 3, "num_statements": 3, "percent_covered": 100.0, "percent_covered_display": "100", "missing_lines": 0, "excluded_lines": 0, "percent_statements_covered": 100.0, "percent_statements_covered_display": "100", "num_branches": 0, "num_partial_branches": 0, "covered_branches": 0, "missing_branches": 0, "percent_branches_covered": 100.0, "percent_branches_covered_display": "100"}, "missing_lines": [], "excluded_lines": [], "start_line": 29, "executed_branches": [], "missing_branches": []}, "result_payload_digest": {"executed_lines": [36], "summary": {"covered_lines": 1, "num_statements": 1, "percent_covered": 100.0, "percent_covered_display": "100", "missing_lines": 0, "excluded_lines": 0, "percent_statements_covered": 100.0, "percent_statements_covered_display": "100", "num_branches": 0, "num_partial_branches": 0, "covered_branches": 0, "missing_branches": 0, "percent_branches_covered": 100.0, "percent_branches_covered_display": "100"}, "missing_lines": [], "excluded_lines": [], "start_line": 35, "executed_branches": [], "missing_branches": []}, "canonical_result_digest": {"executed_lines": [42], "summary": {"covered_lines": 1, "num_statements": 1, "percent_covered": 100.0, "percent_covered_display": "100", "missing_lines": 0, "excluded_lines": 0, "percent_statements_covered": 100.0, "percent_statements_covered_display": "100", "num_branches": 0, "num_partial_branches": 0, "covered_branches": 0, "missing_branches": 0, "percent_branches_covered": 100.0, "percent_branches_covered_display": "100"}, "missing_lines": [], "excluded_lines": [], "start_line": 39, "executed_branches": [], "missing_branches": []}, "verify_result_digest": {"executed_lines": [48, 49, 50, 51, 53, 54, 55, 56], "summary": {"covered_lines": 8, "num_statements": 8, "percent_covered": 100.0, "percent_covered_display": "100", "missing_lines": 0, "excluded_lines": 0, "percent_statements_covered": 100.0, "percent_statements_covered_display": "100", "num_branches": 6, "num_partial_branches": 0, "covered_branches": 6, "missing_branches": 0, "percent_branches_covered": 100.0, "percent_branches_covered_display": "100"}, "missing_lines": [], "excluded_lines": [], "start_line": 45, "executed_branches": [[48, 49], [48, 50], [50, 51], [50, 53], [54, 55], [54, 56]], "missing_branches": []}, "": {"executed_lines": [3, 5, 7, 9, 15, 21, 25, 29, 35, 39, 45, 59], "summary": {"covered_lines": 12, "num_statements": 12, "percent_covered": 100.0, "percent_covered_display": "100", "missing_lines": 0, "excluded_lines": 2, "percent_statements_covered": 100.0, "percent_statements_covered_display": "100", "num_branches": 0, "num_partial_branches": 0, "covered_branches": 0, "missing_branches": 0, "percent_branches_covered": 100.0, "percent_branches_covered_display": "100"}, "missing_lines": [], "excluded_lines": [11, 12], "start_line": 1, "executed_branches": [], "missing_branches": []}}, "classes": {"": {"executed_lines": [3, 5, 7, 9, 15, 16, 17, 18, 21, 22, 25, 26, 29, 30, 31, 32, 35, 36, 39, 42, 45, 48, 49, 50, 51, 53, 54, 55, 56, 59], "summary": {"covered_lines": 30, "num_statements": 30, "percent_covered": 100.0, "percent_covered_display": "100", "missing_lines": 0, "excluded_lines": 2, "percent_statements_covered": 100.0, "percent_statements_covered_display": "100", "num_branches": 8, "num_partial_branches": 0, "covered_branches": 8, "missing_branches": 0, "percent_branches_covered": 100.0, "percent_branches_covered_display": "100"}, "missing_lines": [], "excluded_lines": [11, 12], "start_line": 1, "executed_branches": [[16, 17], [16, 18], [48, 49], [48, 50], [50, 51], [50, 53], [54, 55], [54, 56]], "missing_branches": []}}}, "src\\glio_proteogen\\contracts\\m07_04\\schema.py": {"executed_lines": [3, 5, 7, 9, 30, 33, 34, 44, 56, 59, 60, 61, 62, 86, 87, 88, 91, 94, 95, 98], "summary": {"covered_lines": 20, "num_statements": 20, "percent_covered": 100.0, "percent_covered_display": "100", "missing_lines": 0, "excluded_lines": 0, "percent_statements_covered": 100.0, "percent_statements_covered_display": "100", "num_branches": 2, "num_partial_branches": 0, "covered_branches": 2, "missing_branches": 0, "percent_branches_covered": 100.0, "percent_branches_covered_display": "100"}, "missing_lines": [], "excluded_lines": [], "executed_branches": [[86, 87], [86, 88]], "missing_branches": [], "functions": {"contract_json_schema": {"executed_lines": [59, 60, 61, 62, 86, 87, 88], "summary": {"covered_lines": 7, "num_statements": 7, "percent_covered": 100.0, "percent_covered_display": "100", "missing_lines": 0, "excluded_lines": 0, "percent_statements_covered": 100.0, "percent_statements_covered_display": "100", "num_branches": 2, "num_partial_branches": 0, "covered_branches": 2, "missing_branches": 0, "percent_branches_covered": 100.0, "percent_branches_covered_display": "100"}, "missing_lines": [], "excluded_lines": [], "start_line": 56, "executed_branches": [[86, 87], [86, 88]], "missing_branches": []}, "contract_json_schemas": {"executed_lines": [94, 95], "summary": {"covered_lines": 2, "num_statements": 2, "percent_covered": 100.0, "percent_covered_display": "100", "missing_lines": 0, "excluded_lines": 0, "percent_statements_covered": 100.0, "percent_statements_covered_display": "100", "num_branches": 0, "num_partial_branches": 0, "covered_branches": 0, "missing_branches": 0, "percent_branches_covered": 100.0, "percent_branches_covered_display": "100"}, "missing_lines": [], "excluded_lines": [], "start_line": 91, "executed_branches": [], "missing_branches": []}, "": {"executed_lines": [3, 5, 7, 9, 30, 33, 34, 44, 56, 91, 98], "summary": {"covered_lines": 11, "num_statements": 11, "percent_covered": 100.0, "percent_covered_display": "100", "missing_lines": 0, "excluded_lines": 0, "percent_statements_covered": 100.0, "percent_statements_covered_display": "100", "num_branches": 0, "num_partial_branches": 0, "covered_branches": 0, "missing_branches": 0, "percent_branches_covered": 100.0, "percent_branches_covered_display": "100"}, "missing_lines": [], "excluded_lines": [], "start_line": 1, "executed_branches": [], "missing_branches": []}}, "classes": {"": {"executed_lines": [3, 5, 7, 9, 30, 33, 34, 44, 56, 59, 60, 61, 62, 86, 87, 88, 91, 94, 95, 98], "summary": {"covered_lines": 20, "num_statements": 20, "percent_covered": 100.0, "percent_covered_display": "100", "missing_lines": 0, "excluded_lines": 0, "percent_statements_covered": 100.0, "percent_statements_covered_display": "100", "num_branches": 2, "num_partial_branches": 0, "covered_branches": 2, "missing_branches": 0, "percent_branches_covered": 100.0, "percent_branches_covered_display": "100"}, "missing_lines": [], "excluded_lines": [], "start_line": 1, "executed_branches": [[86, 87], [86, 88]], "missing_branches": []}}}, "src\\glio_proteogen\\contracts\\m07_04\\v1.py": {"executed_lines": [8, 10, 11, 12, 14, 16, 21, 39, 40, 41, 42, 43, 44, 45, 46, 47, 48, 51, 52, 53, 54, 55, 56, 57, 58, 59, 65, 66, 67, 68, 71, 72, 73, 74, 75, 78, 79, 80, 81, 84, 85, 86, 87, 88, 91, 92, 93, 94, 97, 105, 106, 107, 108, 109, 110, 111, 112, 114, 115, 116, 117, 118, 119, 120, 121, 126, 127, 132, 134, 137, 138, 139, 140, 141, 142, 145, 146, 147, 148, 149, 152, 155, 156, 157, 158, 161, 162, 163, 166, 167, 168, 169, 170, 171, 173, 174, 175, 177, 179, 182, 183, 184, 185, 186, 187, 188, 189, 190, 191, 193, 194, 195, 196, 197, 198, 199, 200, 208, 209, 210, 211, 214, 215, 216, 217, 218, 219, 220, 221, 222, 225, 228, 229, 230, 231, 232, 233, 234, 235, 238, 241, 243, 244, 245, 246, 247, 248, 251, 253, 254, 255, 259, 260, 261, 262, 263, 264, 265, 268, 271, 272, 273, 274, 275, 276, 277, 278, 279, 282, 283, 284, 285, 286, 287, 288, 289, 290, 292, 293, 294, 296, 298, 300, 302, 304, 305, 306, 307, 309, 316, 321, 323, 326, 329, 335, 349], "summary": {"covered_lines": 196, "num_statements": 209, "percent_covered": 90.18867924528301, "percent_covered_display": "90", "missing_lines": 13, "excluded_lines": 0, "percent_statements_covered": 93.77990430622009, "percent_statements_covered_display": "94", "num_branches": 56, "num_partial_branches": 13, "covered_branches": 43, "missing_branches": 13, "percent_branches_covered": 76.78571428571429, "percent_branches_covered_display": "77"}, "missing_lines": [133, 176, 178, 252, 295, 297, 299, 301, 303, 308, 315, 320, 322], "excluded_lines": [], "executed_branches": [[119, 120], [119, 121], [121, 126], [121, 127], [132, 134], [175, 177], [177, 179], [196, 197], [196, 199], [197, 198], [197, 211], [199, 200], [199, 209], [200, 208], [200, 211], [209, 210], [209, 211], [245, 246], [245, 247], [247, 248], [247, 251], [251, 253], [253, 254], [253, 255], [259, 260], [259, 261], [261, 262], [261, 263], [263, 264], [263, 265], [294, 296], [296, 298], [298, 300], [300, 302], [302, 304], [304, 305], [304, 309], [305, 306], [305, 307], [307, 316], [309, 316], [316, 321], [321, 323]], "missing_branches": [[132, 133], [175, 176], [177, 178], [251, 252], [294, 295], [296, 297], [298, 299], [300, 301], [302, 303], [307, 308], [309, 315], [316, 320], [321, 322]], "functions": {"EstimatorObservation.observation_shape_is_closed": {"executed_lines": [116, 117, 118, 119, 120, 121, 126, 127, 132, 134], "summary": {"covered_lines": 10, "num_statements": 11, "percent_covered": 88.23529411764706, "percent_covered_display": "88", "missing_lines": 1, "excluded_lines": 0, "percent_statements_covered": 90.9090909090909, "percent_statements_covered_display": "91", "num_branches": 6, "num_partial_branches": 1, "covered_branches": 5, "missing_branches": 1, "percent_branches_covered": 83.33333333333333, "percent_branches_covered_display": "83"}, "missing_lines": [133], "excluded_lines": [], "start_line": 115, "executed_branches": [[119, 120], [119, 121], [121, 126], [121, 127], [132, 134]], "missing_branches": [[132, 133]]}, "ProbabilisticEstimatorConfiguration.configuration_ids_are_unique": {"executed_lines": [175, 177, 179], "summary": {"covered_lines": 3, "num_statements": 5, "percent_covered": 55.55555555555556, "percent_covered_display": "56", "missing_lines": 2, "excluded_lines": 0, "percent_statements_covered": 60.0, "percent_statements_covered_display": "60", "num_branches": 4, "num_partial_branches": 2, "covered_branches": 2, "missing_branches": 2, "percent_branches_covered": 50.0, "percent_branches_covered_display": "50"}, "missing_lines": [176, 178], "excluded_lines": [], "start_line": 174, "executed_branches": [[175, 177], [177, 179]], "missing_branches": [[175, 176], [177, 178]]}, "PosteriorEstimate.posterior_shape_is_closed": {"executed_lines": [195, 196, 197, 198, 199, 200, 208, 209, 210, 211], "summary": {"covered_lines": 10, "num_statements": 10, "percent_covered": 100.0, "percent_covered_display": "100", "missing_lines": 0, "excluded_lines": 0, "percent_statements_covered": 100.0, "percent_statements_covered_display": "100", "num_branches": 10, "num_partial_branches": 0, "covered_branches": 10, "missing_branches": 0, "percent_branches_covered": 100.0, "percent_branches_covered_display": "100"}, "missing_lines": [], "excluded_lines": [], "start_line": 194, "executed_branches": [[196, 197], [196, 199], [197, 198], [197, 211], [199, 200], [199, 209], [200, 208], [200, 211], [209, 210], [209, 211]], "missing_branches": []}, "EstimateCopyNumberDosageProbabilisticRequest.request_is_bound": {"executed_lines": [245, 246, 247, 248, 251, 253, 254, 255, 259, 260, 261, 262, 263, 264, 265], "summary": {"covered_lines": 15, "num_statements": 16, "percent_covered": 93.33333333333333, "percent_covered_display": "93", "missing_lines": 1, "excluded_lines": 0, "percent_statements_covered": 93.75, "percent_statements_covered_display": "94", "num_branches": 14, "num_partial_branches": 1, "covered_branches": 13, "missing_branches": 1, "percent_branches_covered": 92.85714285714286, "percent_branches_covered_display": "93"}, "missing_lines": [252], "excluded_lines": [], "start_line": 244, "executed_branches": [[245, 246], [245, 247], [247, 248], [247, 251], [251, 253], [253, 254], [253, 255], [259, 260], [259, 261], [261, 262], [261, 263], [263, 264], [263, 265]], "missing_branches": [[251, 252]]}, "EstimateCopyNumberDosageProbabilisticResult.result_is_closed": {"executed_lines": [294, 296, 298, 300, 302, 304, 305, 306, 307, 309, 316, 321, 323], "summary": {"covered_lines": 13, "num_statements": 22, "percent_covered": 59.09090909090909, "percent_covered_display": "59", "missing_lines": 9, "excluded_lines": 0, "percent_statements_covered": 59.09090909090909, "percent_statements_covered_display": "59", "num_branches": 22, "num_partial_branches": 9, "covered_branches": 13, "missing_branches": 9, "percent_branches_covered": 59.09090909090909, "percent_branches_covered_display": "59"}, "missing_lines": [295, 297, 299, 301, 303, 308, 315, 320, 322], "excluded_lines": [], "start_line": 293, "executed_branches": [[294, 296], [296, 298], [298, 300], [300, 302], [302, 304], [304, 305], [304, 309], [305, 306], [305, 307], [307, 316], [309, 316], [316, 321], [321, 323]], "missing_branches": [[294, 295], [296, 297], [298, 299], [300, 301], [302, 303], [307, 308], [309, 315], [316, 320], [321, 322]]}, "expected_uncertainty": {"executed_lines": [329, 335], "summary": {"covered_lines": 2, "num_statements": 2, "percent_covered": 100.0, "percent_covered_display": "100", "missing_lines": 0, "excluded_lines": 0, "percent_statements_covered": 100.0, "percent_statements_covered_display": "100", "num_branches": 0, "num_partial_branches": 0, "covered_branches": 0, "missing_branches": 0, "percent_branches_covered": 100.0, "percent_branches_covered_display": "100"}, "missing_lines": [], "excluded_lines": [], "start_line": 326, "executed_branches": [], "missing_branches": []}, "": {"executed_lines": [8, 10, 11, 12, 14, 16, 21, 39, 40, 41, 42, 43, 44, 45, 46, 47, 48, 51, 52, 53, 54, 55, 56, 57, 58, 59, 65, 66, 67, 68, 71, 72, 73, 74, 75, 78, 79, 80, 81, 84, 85, 86, 87, 88, 91, 92, 93, 94, 97, 105, 106, 107, 108, 109, 110, 111, 112, 114, 115, 137, 138, 139, 140, 141, 142, 145, 146, 147, 148, 149, 152, 155, 156, 157, 158, 161, 162, 163, 166, 167, 168, 169, 170, 171, 173, 174, 182, 183, 184, 185, 186, 187, 188, 189, 190, 191, 193, 194, 214, 215, 216, 217, 218, 219, 220, 221, 222, 225, 228, 229, 230, 231, 232, 233, 234, 235, 238, 241, 243, 244, 268, 271, 272, 273, 274, 275, 276, 277, 278, 279, 282, 283, 284, 285, 286, 287, 288, 289, 290, 292, 293, 326, 349], "summary": {"covered_lines": 143, "num_statements": 143, "percent_covered": 100.0, "percent_covered_display": "100", "missing_lines": 0, "excluded_lines": 0, "percent_statements_covered": 100.0, "percent_statements_covered_display": "100", "num_branches": 0, "num_partial_branches": 0, "covered_branches": 0, "missing_branches": 0, "percent_branches_covered": 100.0, "percent_branches_covered_display": "100"}, "missing_lines": [], "excluded_lines": [], "start_line": 1, "executed_branches": [], "missing_branches": []}}, "classes": {"ProbabilisticEstimatorFamily": {"executed_lines": [], "summary": {"covered_lines": 0, "num_statements": 0, "percent_covered": 100.0, "percent_covered_display": "100", "missing_lines": 0, "excluded_lines": 0, "percent_statements_covered": 100.0, "percent_statements_covered_display": "100", "num_branches": 0, "num_partial_branches": 0, "covered_branches": 0, "missing_branches": 0, "percent_branches_covered": 100.0, "percent_branches_covered_display": "100"}, "missing_lines": [], "excluded_lines": [], "start_line": 65, "executed_branches": [], "missing_branches": []}, "ProbabilisticPriorKind": {"executed_lines": [], "summary": {"covered_lines": 0, "num_statements": 0, "percent_covered": 100.0, "percent_covered_display": "100", "missing_lines": 0, "excluded_lines": 0, "percent_statements_covered": 100.0, "percent_statements_covered_display": "100", "num_branches": 0, "num_partial_branches": 0, "covered_branches": 0, "missing_branches": 0, "percent_branches_covered": 100.0, "percent_branches_covered_display": "100"}, "missing_lines": [], "excluded_lines": [], "start_line": 71, "executed_branches": [], "missing_branches": []}, "PosteriorEstimateKind": {"executed_lines": [], "summary": {"covered_lines": 0, "num_statements": 0, "percent_covered": 100.0, "percent_covered_display": "100", "missing_lines": 0, "excluded_lines": 0, "percent_statements_covered": 100.0, "percent_statements_covered_display": "100", "num_branches": 0, "num_partial_branches": 0, "covered_branches": 0, "missing_branches": 0, "percent_branches_covered": 100.0, "percent_branches_covered_display": "100"}, "missing_lines": [], "excluded_lines": [], "start_line": 78, "executed_branches": [], "missing_branches": []}, "OptimizationDiagnosticStatus": {"executed_lines": [], "summary": {"covered_lines": 0, "num_statements": 0, "percent_covered": 100.0, "percent_covered_display": "100", "missing_lines": 0, "excluded_lines": 0, "percent_statements_covered": 100.0, "percent_statements_covered_display": "100", "num_branches": 0, "num_partial_branches": 0, "covered_branches": 0, "missing_branches": 0, "percent_branches_covered": 100.0, "percent_branches_covered_display": "100"}, "missing_lines": [], "excluded_lines": [], "start_line": 84, "executed_branches": [], "missing_branches": []}, "ProbabilisticResultStatus": {"executed_lines": [], "summary": {"covered_lines": 0, "num_statements": 0, "percent_covered": 100.0, "percent_covered_display": "100", "missing_lines": 0, "excluded_lines": 0, "percent_statements_covered": 100.0, "percent_statements_covered_display": "100", "num_branches": 0, "num_partial_branches": 0, "covered_branches": 0, "missing_branches": 0, "percent_branches_covered": 100.0, "percent_branches_covered_display": "100"}, "missing_lines": [], "excluded_lines": [], "start_line": 91, "executed_branches": [], "missing_branches": []}, "EstimatorObservation": {"executed_lines": [116, 117, 118, 119, 120, 121, 126, 127, 132, 134], "summary": {"covered_lines": 10, "num_statements": 11, "percent_covered": 88.23529411764706, "percent_covered_display": "88", "missing_lines": 1, "excluded_lines": 0, "percent_statements_covered": 90.9090909090909, "percent_statements_covered_display": "91", "num_branches": 6, "num_partial_branches": 1, "covered_branches": 5, "missing_branches": 1, "percent_branches_covered": 83.33333333333333, "percent_branches_covered_display": "83"}, "missing_lines": [133], "excluded_lines": [], "start_line": 97, "executed_branches": [[119, 120], [119, 121], [121, 126], [121, 127], [132, 134]], "missing_branches": [[132, 133]]}, "ProbabilisticPrior": {"executed_lines": [], "summary": {"covered_lines": 0, "num_statements": 0, "percent_covered": 100.0, "percent_covered_display": "100", "missing_lines": 0, "excluded_lines": 0, "percent_statements_covered": 100.0, "percent_statements_covered_display": "100", "num_branches": 0, "num_partial_branches": 0, "covered_branches": 0, "missing_branches": 0, "percent_branches_covered": 100.0, "percent_branches_covered_display": "100"}, "missing_lines": [], "excluded_lines": [], "start_line": 137, "executed_branches": [], "missing_branches": []}, "EstimatorConstraint": {"executed_lines": [], "summary": {"covered_lines": 0, "num_statements": 0, "percent_covered": 100.0, "percent_covered_display": "100", "missing_lines": 0, "excluded_lines": 0, "percent_statements_covered": 100.0, "percent_statements_covered_display": "100", "num_branches": 0, "num_partial_branches": 0, "covered_branches": 0, "missing_branches": 0, "percent_branches_covered": 100.0, "percent_branches_covered_display": "100"}, "missing_lines": [], "excluded_lines": [], "start_line": 145, "executed_branches": [], "missing_branches": []}, "ProbabilisticEstimatorConfiguration": {"executed_lines": [175, 177, 179], "summary": {"covered_lines": 3, "num_statements": 5, "percent_covered": 55.55555555555556, "percent_covered_display": "56", "missing_lines": 2, "excluded_lines": 0, "percent_statements_covered": 60.0, "percent_statements_covered_display": "60", "num_branches": 4, "num_partial_branches": 2, "covered_branches": 2, "missing_branches": 2, "percent_branches_covered": 50.0, "percent_branches_covered_display": "50"}, "missing_lines": [176, 178], "excluded_lines": [], "start_line": 152, "executed_branches": [[175, 177], [177, 179]], "missing_branches": [[175, 176], [177, 178]]}, "PosteriorEstimate": {"executed_lines": [195, 196, 197, 198, 199, 200, 208, 209, 210, 211], "summary": {"covered_lines": 10, "num_statements": 10, "percent_covered": 100.0, "percent_covered_display": "100", "missing_lines": 0, "excluded_lines": 0, "percent_statements_covered": 100.0, "percent_statements_covered_display": "100", "num_branches": 10, "num_partial_branches": 0, "covered_branches": 10, "missing_branches": 0, "percent_branches_covered": 100.0, "percent_branches_covered_display": "100"}, "missing_lines": [], "excluded_lines": [], "start_line": 182, "executed_branches": [[196, 197], [196, 199], [197, 198], [197, 211], [199, 200], [199, 209], [200, 208], [200, 211], [209, 210], [209, 211]], "missing_branches": []}, "OptimizationDiagnostic": {"executed_lines": [], "summary": {"covered_lines": 0, "num_statements": 0, "percent_covered": 100.0, "percent_covered_display": "100", "missing_lines": 0, "excluded_lines": 0, "percent_statements_covered": 100.0, "percent_statements_covered_display": "100", "num_branches": 0, "num_partial_branches": 0, "covered_branches": 0, "missing_branches": 0, "percent_branches_covered": 100.0, "percent_branches_covered_display": "100"}, "missing_lines": [], "excluded_lines": [], "start_line": 214, "executed_branches": [], "missing_branches": []}, "EstimateCopyNumberDosageProbabilisticRequest": {"executed_lines": [245, 246, 247, 248, 251, 253, 254, 255, 259, 260, 261, 262, 263, 264, 265], "summary": {"covered_lines": 15, "num_statements": 16, "percent_covered": 93.33333333333333, "percent_covered_display": "93", "missing_lines": 1, "excluded_lines": 0, "percent_statements_covered": 93.75, "percent_statements_covered_display": "94", "num_branches": 14, "num_partial_branches": 1, "covered_branches": 13, "missing_branches": 1, "percent_branches_covered": 92.85714285714286, "percent_branches_covered_display": "93"}, "missing_lines": [252], "excluded_lines": [], "start_line": 225, "executed_branches": [[245, 246], [245, 247], [247, 248], [247, 251], [251, 253], [253, 254], [253, 255], [259, 260], [259, 261], [261, 262], [261, 263], [263, 264], [263, 265]], "missing_branches": [[251, 252]]}, "EstimateCopyNumberDosageProbabilisticResult": {"executed_lines": [294, 296, 298, 300, 302, 304, 305, 306, 307, 309, 316, 321, 323], "summary": {"covered_lines": 13, "num_statements": 22, "percent_covered": 59.09090909090909, "percent_covered_display": "59", "missing_lines": 9, "excluded_lines": 0, "percent_statements_covered": 59.09090909090909, "percent_statements_covered_display": "59", "num_branches": 22, "num_partial_branches": 9, "covered_branches": 13, "missing_branches": 9, "percent_branches_covered": 59.09090909090909, "percent_branches_covered_display": "59"}, "missing_lines": [295, 297, 299, 301, 303, 308, 315, 320, 322], "excluded_lines": [], "start_line": 268, "executed_branches": [[294, 296], [296, 298], [298, 300], [300, 302], [302, 304], [304, 305], [304, 309], [305, 306], [305, 307], [307, 316], [309, 316], [316, 321], [321, 323]], "missing_branches": [[294, 295], [296, 297], [298, 299], [300, 301], [302, 303], [307, 308], [309, 315], [316, 320], [321, 322]]}, "": {"executed_lines": [8, 10, 11, 12, 14, 16, 21, 39, 40, 41, 42, 43, 44, 45, 46, 47, 48, 51, 52, 53, 54, 55, 56, 57, 58, 59, 65, 66, 67, 68, 71, 72, 73, 74, 75, 78, 79, 80, 81, 84, 85, 86, 87, 88, 91, 92, 93, 94, 97, 105, 106, 107, 108, 109, 110, 111, 112, 114, 115, 137, 138, 139, 140, 141, 142, 145, 146, 147, 148, 149, 152, 155, 156, 157, 158, 161, 162, 163, 166, 167, 168, 169, 170, 171, 173, 174, 182, 183, 184, 185, 186, 187, 188, 189, 190, 191, 193, 194, 214, 215, 216, 217, 218, 219, 220, 221, 222, 225, 228, 229, 230, 231, 232, 233, 234, 235, 238, 241, 243, 244, 268, 271, 272, 273, 274, 275, 276, 277, 278, 279, 282, 283, 284, 285, 286, 287, 288, 289, 290, 292, 293, 326, 329, 335, 349], "summary": {"covered_lines": 145, "num_statements": 145, "percent_covered": 100.0, "percent_covered_display": "100", "missing_lines": 0, "excluded_lines": 0, "percent_statements_covered": 100.0, "percent_statements_covered_display": "100", "num_branches": 0, "num_partial_branches": 0, "covered_branches": 0, "missing_branches": 0, "percent_branches_covered": 100.0, "percent_branches_covered_display": "100"}, "missing_lines": [], "excluded_lines": [], "start_line": 1, "executed_branches": [], "missing_branches": []}}}, "src\\glio_proteogen\\modules\\c07_copy_number_dosage\\m07_04_probabilistic_advanced_estimator\\__init__.py": {"executed_lines": [3, 12, 13, 15], "summary": {"covered_lines": 4, "num_statements": 4, "percent_covered": 100.0, "percent_covered_display": "100", "missing_lines": 0, "excluded_lines": 0, "percent_statements_covered": 100.0, "percent_statements_covered_display": "100", "num_branches": 0, "num_partial_branches": 0, "covered_branches": 0, "missing_branches": 0, "percent_branches_covered": 100.0, "percent_branches_covered_display": "100"}, "missing_lines": [], "excluded_lines": [], "executed_branches": [], "missing_branches": [], "functions": {"": {"executed_lines": [3, 12, 13, 15], "summary": {"covered_lines": 4, "num_statements": 4, "percent_covered": 100.0, "percent_covered_display": "100", "missing_lines": 0, "excluded_lines": 0, "percent_statements_covered": 100.0, "percent_statements_covered_display": "100", "num_branches": 0, "num_partial_branches": 0, "covered_branches": 0, "missing_branches": 0, "percent_branches_covered": 100.0, "percent_branches_covered_display": "100"}, "missing_lines": [], "excluded_lines": [], "start_line": 1, "executed_branches": [], "missing_branches": []}}, "classes": {"": {"executed_lines": [3, 12, 13, 15], "summary": {"covered_lines": 4, "num_statements": 4, "percent_covered": 100.0, "percent_covered_display": "100", "missing_lines": 0, "excluded_lines": 0, "percent_statements_covered": 100.0, "percent_statements_covered_display": "100", "num_branches": 0, "num_partial_branches": 0, "covered_branches": 0, "missing_branches": 0, "percent_branches_covered": 100.0, "percent_branches_covered_display": "100"}, "missing_lines": [], "excluded_lines": [], "start_line": 1, "executed_branches": [], "missing_branches": []}}}, "src\\glio_proteogen\\modules\\c07_copy_number_dosage\\m07_04_probabilistic_advanced_estimator\\engine.py": {"executed_lines": [16, 18, 19, 20, 21, 22, 24, 26, 45, 46, 55, 57, 58, 59, 60, 61, 72, 75, 76, 81, 84, 85, 88, 91, 92, 95, 96, 97, 98, 101, 102, 105, 108, 109, 110, 111, 112, 113, 114, 115, 116, 117, 118, 119, 120, 121, 122, 123, 124, 125, 126, 127, 130, 133, 136, 137, 138, 139, 140, 144, 145, 146, 147, 150, 154, 155, 156, 157, 158, 159, 160, 161, 162, 163, 165, 166, 167, 168, 171, 172, 173, 174, 175, 177, 178, 179, 180, 181, 182, 183, 187, 188, 189, 190, 191, 192, 193, 194, 195, 196, 197, 198, 199, 200, 201, 202, 205, 206, 209, 212, 213, 248, 252, 256, 272, 275, 285, 286, 311, 312, 313, 314, 315, 321, 322, 323, 327, 328, 338, 341, 344, 345, 346, 347, 350, 351, 352, 360, 367, 372, 373, 385, 394, 397, 398, 402, 403, 407, 408, 409, 413, 415, 418, 437, 438, 439, 442, 445, 447, 448, 449, 451, 452, 454, 462, 463, 464, 465, 466, 468, 469, 470, 471, 472, 475, 480, 483], "summary": {"covered_lines": 177, "num_statements": 183, "percent_covered": 96.35627530364373, "percent_covered_display": "96", "missing_lines": 6, "excluded_lines": 0, "percent_statements_covered": 96.72131147540983, "percent_statements_covered_display": "97", "num_branches": 64, "num_partial_branches": 3, "covered_branches": 61, "missing_branches": 3, "percent_branches_covered": 95.3125, "percent_branches_covered_display": "95"}, "missing_lines": [164, 176, 203, 204, 414, 467], "excluded_lines": [], "executed_branches": [[96, 97], [96, 98], [108, 109], [108, 110], [110, 111], [110, 112], [112, 113], [112, 114], [114, 115], [114, 116], [116, 117], [116, 118], [118, 119], [118, 120], [120, 121], [120, 127], [122, 123], [122, 126], [123, 124], [123, 125], [133, 136], [133, 137], [146, -130], [146, 147], [154, 155], [154, 156], [159, 160], [159, 161], [172, 173], [172, 181], [175, 177], [181, 182], [181, 197], [187, 188], [187, 189], [197, 198], [197, 206], [312, 313], [312, 321], [313, 314], [313, 315], [321, 322], [321, 338], [323, 327], [323, 328], [345, 346], [345, 347], [351, 352], [351, 360], [372, 373], [372, 385], [403, 407], [403, 415], [408, 409], [408, 413], [413, 415], [466, 468], [468, 469], [468, 472], [470, 471], [470, 472]], "missing_branches": [[175, 176], [413, 414], [466, 467]], "functions": {"ProbabilisticEstimatorAuthorizationError.__init__": {"executed_lines": [76], "summary": {"covered_lines": 1, "num_statements": 1, "percent_covered": 100.0, "percent_covered_display": "100", "missing_lines": 0, "excluded_lines": 0, "percent_statements_covered": 100.0, "percent_statements_covered_display": "100", "num_branches": 0, "num_partial_branches": 0, "covered_branches": 0, "missing_branches": 0, "percent_branches_covered": 100.0, "percent_branches_covered_display": "100"}, "missing_lines": [], "excluded_lines": [], "start_line": 75, "executed_branches": [], "missing_branches": []}, "ProbabilisticEstimatorInputError.__init__": {"executed_lines": [85], "summary": {"covered_lines": 1, "num_statements": 1, "percent_covered": 100.0, "percent_covered_display": "100", "missing_lines": 0, "excluded_lines": 0, "percent_statements_covered": 100.0, "percent_statements_covered_display": "100", "num_branches": 0, "num_partial_branches": 0, "covered_branches": 0, "missing_branches": 0, "percent_branches_covered": 100.0, "percent_branches_covered_display": "100"}, "missing_lines": [], "excluded_lines": [], "start_line": 84, "executed_branches": [], "missing_branches": []}, "ProbabilisticEstimatorReplayError.__init__": {"executed_lines": [92], "summary": {"covered_lines": 1, "num_statements": 1, "percent_covered": 100.0, "percent_covered_display": "100", "missing_lines": 0, "excluded_lines": 0, "percent_statements_covered": 100.0, "percent_statements_covered_display": "100", "num_branches": 0, "num_partial_branches": 0, "covered_branches": 0, "missing_branches": 0, "percent_branches_covered": 100.0, "percent_branches_covered_display": "100"}, "missing_lines": [], "excluded_lines": [], "start_line": 91, "executed_branches": [], "missing_branches": []}, "_member": {"executed_lines": [96, 97, 98], "summary": {"covered_lines": 3, "num_statements": 3, "percent_covered": 100.0, "percent_covered_display": "100", "missing_lines": 0, "excluded_lines": 0, "percent_statements_covered": 100.0, "percent_statements_covered_display": "100", "num_branches": 2, "num_partial_branches": 0, "covered_branches": 2, "missing_branches": 0, "percent_branches_covered": 100.0, "percent_branches_covered_display": "100"}, "missing_lines": [], "excluded_lines": [], "start_line": 95, "executed_branches": [[96, 97], [96, 98]], "missing_branches": []}, "_state_text": {"executed_lines": [102], "summary": {"covered_lines": 1, "num_statements": 1, "percent_covered": 100.0, "percent_covered_display": "100", "missing_lines": 0, "excluded_lines": 0, "percent_statements_covered": 100.0, "percent_statements_covered_display": "100", "num_branches": 0, "num_partial_branches": 0, "covered_branches": 0, "missing_branches": 0, "percent_branches_covered": 100.0, "percent_branches_covered_display": "100"}, "missing_lines": [], "excluded_lines": [], "start_line": 101, "executed_branches": [], "missing_branches": []}, "_plain_value": {"executed_lines": [108, 109, 110, 111, 112, 113, 114, 115, 116, 117, 118, 119, 120, 121, 122, 123, 124, 125, 126, 127], "summary": {"covered_lines": 20, "num_statements": 20, "percent_covered": 100.0, "percent_covered_display": "100", "missing_lines": 0, "excluded_lines": 0, "percent_statements_covered": 100.0, "percent_statements_covered_display": "100", "num_branches": 18, "num_partial_branches": 0, "covered_branches": 18, "missing_branches": 0, "percent_branches_covered": 100.0, "percent_branches_covered_display": "100"}, "missing_lines": [], "excluded_lines": [], "start_line": 105, "executed_branches": [[108, 109], [108, 110], [110, 111], [110, 112], [112, 113], [112, 114], [114, 115], [114, 116], [116, 117], [116, 118], [118, 119], [118, 120], [120, 121], [120, 127], [122, 123], [122, 126], [123, 124], [123, 125]], "missing_branches": []}, "preflight_probabilistic_estimator_authorization": {"executed_lines": [133, 136, 137, 138, 139, 140, 144, 145, 146, 147], "summary": {"covered_lines": 10, "num_statements": 10, "percent_covered": 100.0, "percent_covered_display": "100", "missing_lines": 0, "excluded_lines": 0, "percent_statements_covered": 100.0, "percent_statements_covered_display": "100", "num_branches": 4, "num_partial_branches": 0, "covered_branches": 4, "missing_branches": 0, "percent_branches_covered": 100.0, "percent_branches_covered_display": "100"}, "missing_lines": [], "excluded_lines": [], "start_line": 130, "executed_branches": [[133, 136], [133, 137], [146, -130], [146, 147]], "missing_branches": []}, "_validate_json_request": {"executed_lines": [154, 155, 156, 157, 158, 159, 160, 161, 162, 163, 165, 166, 167, 168], "summary": {"covered_lines": 14, "num_statements": 15, "percent_covered": 94.73684210526316, "percent_covered_display": "95", "missing_lines": 1, "excluded_lines": 0, "percent_statements_covered": 93.33333333333333, "percent_statements_covered_display": "93", "num_branches": 4, "num_partial_branches": 0, "covered_branches": 4, "missing_branches": 0, "percent_branches_covered": 100.0, "percent_branches_covered_display": "100"}, "missing_lines": [164], "excluded_lines": [], "start_line": 150, "executed_branches": [[154, 155], [154, 156], [159, 160], [159, 161]], "missing_branches": []}, "_prepare_request": {"executed_lines": [172, 173, 174, 175, 177, 178, 179, 180, 181, 182, 183, 187, 188, 189, 190, 191, 192, 193, 194, 195, 196, 197, 198, 199, 200, 201, 202, 205, 206], "summary": {"covered_lines": 29, "num_statements": 32, "percent_covered": 90.47619047619048, "percent_covered_display": "90", "missing_lines": 3, "excluded_lines": 0, "percent_statements_covered": 90.625, "percent_statements_covered_display": "91", "num_branches": 10, "num_partial_branches": 1, "covered_branches": 9, "missing_branches": 1, "percent_branches_covered": 90.0, "percent_branches_covered_display": "90"}, "missing_lines": [176, 203, 204], "excluded_lines": [], "start_line": 171, "executed_branches": [[172, 173], [172, 181], [175, 177], [181, 182], [181, 197], [187, 188], [187, 189], [197, 198], [197, 206]], "missing_branches": [[175, 176]]}, "_control_decisions": {"executed_lines": [212, 213], "summary": {"covered_lines": 2, "num_statements": 2, "percent_covered": 100.0, "percent_covered_display": "100", "missing_lines": 0, "excluded_lines": 0, "percent_statements_covered": 100.0, "percent_statements_covered_display": "100", "num_branches": 0, "num_partial_branches": 0, "covered_branches": 0, "missing_branches": 0, "percent_branches_covered": 100.0, "percent_branches_covered_display": "100"}, "missing_lines": [], "excluded_lines": [], "start_line": 209, "executed_branches": [], "missing_branches": []}, "_provenance": {"executed_lines": [252, 256], "summary": {"covered_lines": 2, "num_statements": 2, "percent_covered": 100.0, "percent_covered_display": "100", "missing_lines": 0, "excluded_lines": 0, "percent_statements_covered": 100.0, "percent_statements_covered_display": "100", "num_branches": 0, "num_partial_branches": 0, "covered_branches": 0, "missing_branches": 0, "percent_branches_covered": 100.0, "percent_branches_covered_display": "100"}, "missing_lines": [], "excluded_lines": [], "start_line": 248, "executed_branches": [], "missing_branches": []}, "_evidence": {"executed_lines": [275], "summary": {"covered_lines": 1, "num_statements": 1, "percent_covered": 100.0, "percent_covered_display": "100", "missing_lines": 0, "excluded_lines": 0, "percent_statements_covered": 100.0, "percent_statements_covered_display": "100", "num_branches": 0, "num_partial_branches": 0, "covered_branches": 0, "missing_branches": 0, "percent_branches_covered": 100.0, "percent_branches_covered_display": "100"}, "missing_lines": [], "excluded_lines": [], "start_line": 272, "executed_branches": [], "missing_branches": []}, "_limitations": {"executed_lines": [286], "summary": {"covered_lines": 1, "num_statements": 1, "percent_covered": 100.0, "percent_covered_display": "100", "missing_lines": 0, "excluded_lines": 0, "percent_statements_covered": 100.0, "percent_statements_covered_display": "100", "num_branches": 0, "num_partial_branches": 0, "covered_branches": 0, "missing_branches": 0, "percent_branches_covered": 100.0, "percent_branches_covered_display": "100"}, "missing_lines": [], "excluded_lines": [], "start_line": 285, "executed_branches": [], "missing_branches": []}, "_posterior": {"executed_lines": [312, 313, 314, 315, 321, 322, 323, 327, 328, 338], "summary": {"covered_lines": 10, "num_statements": 10, "percent_covered": 100.0, "percent_covered_display": "100", "missing_lines": 0, "excluded_lines": 0, "percent_statements_covered": 100.0, "percent_statements_covered_display": "100", "num_branches": 8, "num_partial_branches": 0, "covered_branches": 8, "missing_branches": 0, "percent_branches_covered": 100.0, "percent_branches_covered_display": "100"}, "missing_lines": [], "excluded_lines": [], "start_line": 311, "executed_branches": [[312, 313], [312, 321], [313, 314], [313, 315], [321, 322], [321, 338], [323, 327], [323, 328]], "missing_branches": []}, "_posteriors": {"executed_lines": [344, 345, 346, 347], "summary": {"covered_lines": 4, "num_statements": 4, "percent_covered": 100.0, "percent_covered_display": "100", "missing_lines": 0, "excluded_lines": 0, "percent_statements_covered": 100.0, "percent_statements_covered_display": "100", "num_branches": 2, "num_partial_branches": 0, "covered_branches": 2, "missing_branches": 0, "percent_branches_covered": 100.0, "percent_branches_covered_display": "100"}, "missing_lines": [], "excluded_lines": [], "start_line": 341, "executed_branches": [[345, 346], [345, 347]], "missing_branches": []}, "_support": {"executed_lines": [351, 352, 360], "summary": {"covered_lines": 3, "num_statements": 3, "percent_covered": 100.0, "percent_covered_display": "100", "missing_lines": 0, "excluded_lines": 0, "percent_statements_covered": 100.0, "percent_statements_covered_display": "100", "num_branches": 2, "num_partial_branches": 0, "covered_branches": 2, "missing_branches": 0, "percent_branches_covered": 100.0, "percent_branches_covered_display": "100"}, "missing_lines": [], "excluded_lines": [], "start_line": 350, "executed_branches": [[351, 352], [351, 360]], "missing_branches": []}, "_diagnostic": {"executed_lines": [372, 373, 385], "summary": {"covered_lines": 3, "num_statements": 3, "percent_covered": 100.0, "percent_covered_display": "100", "missing_lines": 0, "excluded_lines": 0, "percent_statements_covered": 100.0, "percent_statements_covered_display": "100", "num_branches": 2, "num_partial_branches": 0, "covered_branches": 2, "missing_branches": 0, "percent_branches_covered": 100.0, "percent_branches_covered_display": "100"}, "missing_lines": [], "excluded_lines": [], "start_line": 367, "executed_branches": [[372, 373], [372, 385]], "missing_branches": []}, "_build_result": {"executed_lines": [397, 398, 402, 403, 407, 408, 409, 413, 415, 418, 437, 438, 439], "summary": {"covered_lines": 13, "num_statements": 14, "percent_covered": 90.0, "percent_covered_display": "90", "missing_lines": 1, "excluded_lines": 0, "percent_statements_covered": 92.85714285714286, "percent_statements_covered_display": "93", "num_branches": 6, "num_partial_branches": 1, "covered_branches": 5, "missing_branches": 1, "percent_branches_covered": 83.33333333333333, "percent_branches_covered_display": "83"}, "missing_lines": [414], "excluded_lines": [], "start_line": 394, "executed_branches": [[403, 407], [403, 415], [408, 409], [408, 413], [413, 415]], "missing_branches": [[413, 414]]}, "M0704ProbabilisticEstimatorEngine.validate_request": {"executed_lines": [449], "summary": {"covered_lines": 1, "num_statements": 1, "percent_covered": 100.0, "percent_covered_display": "100", "missing_lines": 0, "excluded_lines": 0, "percent_statements_covered": 100.0, "percent_statements_covered_display": "100", "num_branches": 0, "num_partial_branches": 0, "covered_branches": 0, "missing_branches": 0, "percent_branches_covered": 100.0, "percent_branches_covered_display": "100"}, "missing_lines": [], "excluded_lines": [], "start_line": 448, "executed_branches": [], "missing_branches": []}, "M0704ProbabilisticEstimatorEngine.estimate": {"executed_lines": [452], "summary": {"covered_lines": 1, "num_statements": 1, "percent_covered": 100.0, "percent_covered_display": "100", "missing_lines": 0, "excluded_lines": 0, "percent_statements_covered": 100.0, "percent_statements_covered_display": "100", "num_branches": 0, "num_partial_branches": 0, "covered_branches": 0, "missing_branches": 0, "percent_branches_covered": 100.0, "percent_branches_covered_display": "100"}, "missing_lines": [], "excluded_lines": [], "start_line": 451, "executed_branches": [], "missing_branches": []}, "M0704ProbabilisticEstimatorEngine.verify": {"executed_lines": [462, 463, 464, 465, 466, 468, 469, 470, 471, 472], "summary": {"covered_lines": 10, "num_statements": 11, "percent_covered": 88.23529411764706, "percent_covered_display": "88", "missing_lines": 1, "excluded_lines": 0, "percent_statements_covered": 90.9090909090909, "percent_statements_covered_display": "91", "num_branches": 6, "num_partial_branches": 1, "covered_branches": 5, "missing_branches": 1, "percent_branches_covered": 83.33333333333333, "percent_branches_covered_display": "83"}, "missing_lines": [467], "excluded_lines": [], "start_line": 454, "executed_branches": [[466, 468], [468, 469], [468, 472], [470, 471], [470, 472]], "missing_branches": [[466, 467]]}, "estimate_copy_number_dosage_probabilistic": {"executed_lines": [480], "summary": {"covered_lines": 1, "num_statements": 1, "percent_covered": 100.0, "percent_covered_display": "100", "missing_lines": 0, "excluded_lines": 0, "percent_statements_covered": 100.0, "percent_statements_covered_display": "100", "num_branches": 0, "num_partial_branches": 0, "covered_branches": 0, "missing_branches": 0, "percent_branches_covered": 100.0, "percent_branches_covered_display": "100"}, "missing_lines": [], "excluded_lines": [], "start_line": 475, "executed_branches": [], "missing_branches": []}, "": {"executed_lines": [16, 18, 19, 20, 21, 22, 24, 26, 45, 46, 55, 57, 58, 59, 60, 61, 72, 75, 81, 84, 88, 91, 95, 101, 105, 130, 150, 171, 209, 248, 272, 285, 311, 341, 350, 367, 394, 442, 445, 447, 448, 451, 454, 475, 483], "summary": {"covered_lines": 45, "num_statements": 45, "percent_covered": 100.0, "percent_covered_display": "100", "missing_lines": 0, "excluded_lines": 0, "percent_statements_covered": 100.0, "percent_statements_covered_display": "100", "num_branches": 0, "num_partial_branches": 0, "covered_branches": 0, "missing_branches": 0, "percent_branches_covered": 100.0, "percent_branches_covered_display": "100"}, "missing_lines": [], "excluded_lines": [], "start_line": 1, "executed_branches": [], "missing_branches": []}}, "classes": {"ProbabilisticEstimatorAuthorizationError": {"executed_lines": [76], "summary": {"covered_lines": 1, "num_statements": 1, "percent_covered": 100.0, "percent_covered_display": "100", "missing_lines": 0, "excluded_lines": 0, "percent_statements_covered": 100.0, "percent_statements_covered_display": "100", "num_branches": 0, "num_partial_branches": 0, "covered_branches": 0, "missing_branches": 0, "percent_branches_covered": 100.0, "percent_branches_covered_display": "100"}, "missing_lines": [], "excluded_lines": [], "start_line": 72, "executed_branches": [], "missing_branches": []}, "ProbabilisticEstimatorInputError": {"executed_lines": [85], "summary": {"covered_lines": 1, "num_statements": 1, "percent_covered": 100.0, "percent_covered_display": "100", "missing_lines": 0, "excluded_lines": 0, "percent_statements_covered": 100.0, "percent_statements_covered_display": "100", "num_branches": 0, "num_partial_branches": 0, "covered_branches": 0, "missing_branches": 0, "percent_branches_covered": 100.0, "percent_branches_covered_display": "100"}, "missing_lines": [], "excluded_lines": [], "start_line": 81, "executed_branches": [], "missing_branches": []}, "ProbabilisticEstimatorReplayError": {"executed_lines": [92], "summary": {"covered_lines": 1, "num_statements": 1, "percent_covered": 100.0, "percent_covered_display": "100", "missing_lines": 0, "excluded_lines": 0, "percent_statements_covered": 100.0, "percent_statements_covered_display": "100", "num_branches": 0, "num_partial_branches": 0, "covered_branches": 0, "missing_branches": 0, "percent_branches_covered": 100.0, "percent_branches_covered_display": "100"}, "missing_lines": [], "excluded_lines": [], "start_line": 88, "executed_branches": [], "missing_branches": []}, "M0704ProbabilisticEstimatorEngine": {"executed_lines": [449, 452, 462, 463, 464, 465, 466, 468, 469, 470, 471, 472], "summary": {"covered_lines": 12, "num_statements": 13, "percent_covered": 89.47368421052632, "percent_covered_display": "89", "missing_lines": 1, "excluded_lines": 0, "percent_statements_covered": 92.3076923076923, "percent_statements_covered_display": "92", "num_branches": 6, "num_partial_branches": 1, "covered_branches": 5, "missing_branches": 1, "percent_branches_covered": 83.33333333333333, "percent_branches_covered_display": "83"}, "missing_lines": [467], "excluded_lines": [], "start_line": 442, "executed_branches": [[466, 468], [468, 469], [468, 472], [470, 471], [470, 472]], "missing_branches": [[466, 467]]}, "": {"executed_lines": [16, 18, 19, 20, 21, 22, 24, 26, 45, 46, 55, 57, 58, 59, 60, 61, 72, 75, 81, 84, 88, 91, 95, 96, 97, 98, 101, 102, 105, 108, 109, 110, 111, 112, 113, 114, 115, 116, 117, 118, 119, 120, 121, 122, 123, 124, 125, 126, 127, 130, 133, 136, 137, 138, 139, 140, 144, 145, 146, 147, 150, 154, 155, 156, 157, 158, 159, 160, 161, 162, 163, 165, 166, 167, 168, 171, 172, 173, 174, 175, 177, 178, 179, 180, 181, 182, 183, 187, 188, 189, 190, 191, 192, 193, 194, 195, 196, 197, 198, 199, 200, 201, 202, 205, 206, 209, 212, 213, 248, 252, 256, 272, 275, 285, 286, 311, 312, 313, 314, 315, 321, 322, 323, 327, 328, 338, 341, 344, 345, 346, 347, 350, 351, 352, 360, 367, 372, 373, 385, 394, 397, 398, 402, 403, 407, 408, 409, 413, 415, 418, 437, 438, 439, 442, 445, 447, 448, 451, 454, 475, 480, 483], "summary": {"covered_lines": 162, "num_statements": 167, "percent_covered": 96.88888888888889, "percent_covered_display": "97", "missing_lines": 5, "excluded_lines": 0, "percent_statements_covered": 97.0059880239521, "percent_statements_covered_display": "97", "num_branches": 58, "num_partial_branches": 2, "covered_branches": 56, "missing_branches": 2, "percent_branches_covered": 96.55172413793103, "percent_branches_covered_display": "97"}, "missing_lines": [164, 176, 203, 204, 414], "excluded_lines": [], "start_line": 1, "executed_branches": [[96, 97], [96, 98], [108, 109], [108, 110], [110, 111], [110, 112], [112, 113], [112, 114], [114, 115], [114, 116], [116, 117], [116, 118], [118, 119], [118, 120], [120, 121], [120, 127], [122, 123], [122, 126], [123, 124], [123, 125], [133, 136], [133, 137], [146, -130], [146, 147], [154, 155], [154, 156], [159, 160], [159, 161], [172, 173], [172, 181], [175, 177], [181, 182], [181, 197], [187, 188], [187, 189], [197, 198], [197, 206], [312, 313], [312, 321], [313, 314], [313, 315], [321, 322], [321, 338], [323, 327], [323, 328], [345, 346], [345, 347], [351, 352], [351, 360], [372, 373], [372, 385], [403, 407], [403, 415], [408, 409], [408, 413], [413, 415]], "missing_branches": [[175, 176], [413, 414]]}}}, "src\\glio_proteogen\\modules\\c07_copy_number_dosage\\m07_04_probabilistic_advanced_estimator\\plugin.py": {"executed_lines": [3, 5, 6, 7, 9, 15, 16, 18, 23, 24, 27, 43, 44, 47, 48, 51, 52, 53, 56, 65, 67, 68, 70, 71, 73, 74, 75, 76, 77, 78, 79, 80, 82, 83, 84, 91, 92, 94, 100, 103], "summary": {"covered_lines": 40, "num_statements": 40, "percent_covered": 100.0, "percent_covered_display": "100", "missing_lines": 0, "excluded_lines": 2, "percent_statements_covered": 100.0, "percent_statements_covered_display": "100", "num_branches": 4, "num_partial_branches": 0, "covered_branches": 4, "missing_branches": 0, "percent_branches_covered": 100.0, "percent_branches_covered_display": "100"}, "missing_lines": [], "excluded_lines": [20, 21], "executed_branches": [[74, 75], [74, 77], [84, 91], [84, 92]], "missing_branches": [], "functions": {"_InvalidExecutionTokenError.__init__": {"executed_lines": [53], "summary": {"covered_lines": 1, "num_statements": 1, "percent_covered": 100.0, "percent_covered_display": "100", "missing_lines": 0, "excluded_lines": 0, "percent_statements_covered": 100.0, "percent_statements_covered_display": "100", "num_branches": 0, "num_partial_branches": 0, "covered_branches": 0, "missing_branches": 0, "percent_branches_covered": 100.0, "percent_branches_covered_display": "100"}, "missing_lines": [], "excluded_lines": [], "start_line": 52, "executed_branches": [], "missing_branches": []}, "M0704Plugin.__init__": {"executed_lines": [68], "summary": {"covered_lines": 1, "num_statements": 1, "percent_covered": 100.0, "percent_covered_display": "100", "missing_lines": 0, "excluded_lines": 0, "percent_statements_covered": 100.0, "percent_statements_covered_display": "100", "num_branches": 0, "num_partial_branches": 0, "covered_branches": 0, "missing_branches": 0, "percent_branches_covered": 100.0, "percent_branches_covered_display": "100"}, "missing_lines": [], "excluded_lines": [], "start_line": 67, "executed_branches": [], "missing_branches": []}, "M0704Plugin.descriptor": {"executed_lines": [71], "summary": {"covered_lines": 1, "num_statements": 1, "percent_covered": 100.0, "percent_covered_display": "100", "missing_lines": 0, "excluded_lines": 0, "percent_statements_covered": 100.0, "percent_statements_covered_display": "100", "num_branches": 0, "num_partial_branches": 0, "covered_branches": 0, "missing_branches": 0, "percent_branches_covered": 100.0, "percent_branches_covered_display": "100"}, "missing_lines": [], "excluded_lines": [], "start_line": 70, "executed_branches": [], "missing_branches": []}, "M0704Plugin.validate": {"executed_lines": [74, 75, 76, 77, 78, 79, 80], "summary": {"covered_lines": 7, "num_statements": 7, "percent_covered": 100.0, "percent_covered_display": "100", "missing_lines": 0, "excluded_lines": 0, "percent_statements_covered": 100.0, "percent_statements_covered_display": "100", "num_branches": 2, "num_partial_branches": 0, "covered_branches": 2, "missing_branches": 0, "percent_branches_covered": 100.0, "percent_branches_covered_display": "100"}, "missing_lines": [], "excluded_lines": [], "start_line": 73, "executed_branches": [[74, 75], [74, 77]], "missing_branches": []}, "M0704Plugin.run": {"executed_lines": [83, 84, 91, 92], "summary": {"covered_lines": 4, "num_statements": 4, "percent_covered": 100.0, "percent_covered_display": "100", "missing_lines": 0, "excluded_lines": 0, "percent_statements_covered": 100.0, "percent_statements_covered_display": "100", "num_branches": 2, "num_partial_branches": 0, "covered_branches": 2, "missing_branches": 0, "percent_branches_covered": 100.0, "percent_branches_covered_display": "100"}, "missing_lines": [], "excluded_lines": [], "start_line": 82, "executed_branches": [[84, 91], [84, 92]], "missing_branches": []}, "M0704Plugin.verify": {"executed_lines": [100], "summary": {"covered_lines": 1, "num_statements": 1, "percent_covered": 100.0, "percent_covered_display": "100", "missing_lines": 0, "excluded_lines": 0, "percent_statements_covered": 100.0, "percent_statements_covered_display": "100", "num_branches": 0, "num_partial_branches": 0, "covered_branches": 0, "missing_branches": 0, "percent_branches_covered": 100.0, "percent_branches_covered_display": "100"}, "missing_lines": [], "excluded_lines": [], "start_line": 94, "executed_branches": [], "missing_branches": []}, "": {"executed_lines": [3, 5, 6, 7, 9, 15, 16, 18, 23, 24, 27, 43, 44, 47, 48, 51, 52, 56, 65, 67, 70, 73, 82, 94, 103], "summary": {"covered_lines": 25, "num_statements": 25, "percent_covered": 100.0, "percent_covered_display": "100", "missing_lines": 0, "excluded_lines": 2, "percent_statements_covered": 100.0, "percent_statements_covered_display": "100", "num_branches": 0, "num_partial_branches": 0, "covered_branches": 0, "missing_branches": 0, "percent_branches_covered": 100.0, "percent_branches_covered_display": "100"}, "missing_lines": [], "excluded_lines": [20, 21], "start_line": 1, "executed_branches": [], "missing_branches": []}}, "classes": {"ValidatedM0704Request": {"executed_lines": [], "summary": {"covered_lines": 0, "num_statements": 0, "percent_covered": 100.0, "percent_covered_display": "100", "missing_lines": 0, "excluded_lines": 0, "percent_statements_covered": 100.0, "percent_statements_covered_display": "100", "num_branches": 0, "num_partial_branches": 0, "covered_branches": 0, "missing_branches": 0, "percent_branches_covered": 100.0, "percent_branches_covered_display": "100"}, "missing_lines": [], "excluded_lines": [], "start_line": 44, "executed_branches": [], "missing_branches": []}, "_InvalidExecutionTokenError": {"executed_lines": [53], "summary": {"covered_lines": 1, "num_statements": 1, "percent_covered": 100.0, "percent_covered_display": "100", "missing_lines": 0, "excluded_lines": 0, "percent_statements_covered": 100.0, "percent_statements_covered_display": "100", "num_branches": 0, "num_partial_branches": 0, "covered_branches": 0, "missing_branches": 0, "percent_branches_covered": 100.0, "percent_branches_covered_display": "100"}, "missing_lines": [], "excluded_lines": [], "start_line": 51, "executed_branches": [], "missing_branches": []}, "M0704Plugin": {"executed_lines": [68, 71, 74, 75, 76, 77, 78, 79, 80, 83, 84, 91, 92, 100], "summary": {"covered_lines": 14, "num_statements": 14, "percent_covered": 100.0, "percent_covered_display": "100", "missing_lines": 0, "excluded_lines": 0, "percent_statements_covered": 100.0, "percent_statements_covered_display": "100", "num_branches": 4, "num_partial_branches": 0, "covered_branches": 4, "missing_branches": 0, "percent_branches_covered": 100.0, "percent_branches_covered_display": "100"}, "missing_lines": [], "excluded_lines": [], "start_line": 56, "executed_branches": [[74, 75], [74, 77], [84, 91], [84, 92]], "missing_branches": []}, "": {"executed_lines": [3, 5, 6, 7, 9, 15, 16, 18, 23, 24, 27, 43, 44, 47, 48, 51, 52, 56, 65, 67, 70, 73, 82, 94, 103], "summary": {"covered_lines": 25, "num_statements": 25, "percent_covered": 100.0, "percent_covered_display": "100", "missing_lines": 0, "excluded_lines": 2, "percent_statements_covered": 100.0, "percent_statements_covered_display": "100", "num_branches": 0, "num_partial_branches": 0, "covered_branches": 0, "missing_branches": 0, "percent_branches_covered": 100.0, "percent_branches_covered_display": "100"}, "missing_lines": [], "excluded_lines": [20, 21], "start_line": 1, "executed_branches": [], "missing_branches": []}}}, "src\\glio_proteogen\\modules\\c07_copy_number_dosage\\m07_04_probabilistic_advanced_estimator\\service.py": {"executed_lines": [3, 5, 7, 16, 19, 21, 22, 24, 25, 26, 28, 32, 34, 35, 37, 40, 42, 48, 51], "summary": {"covered_lines": 19, "num_statements": 19, "percent_covered": 100.0, "percent_covered_display": "100", "missing_lines": 0, "excluded_lines": 2, "percent_statements_covered": 100.0, "percent_statements_covered_display": "100", "num_branches": 0, "num_partial_branches": 0, "covered_branches": 0, "missing_branches": 0, "percent_branches_covered": 100.0, "percent_branches_covered_display": "100"}, "missing_lines": [], "excluded_lines": [9, 10], "executed_branches": [], "missing_branches": [], "functions": {"M0704Service.__init__": {"executed_lines": [22], "summary": {"covered_lines": 1, "num_statements": 1, "percent_covered": 100.0, "percent_covered_display": "100", "missing_lines": 0, "excluded_lines": 0, "percent_statements_covered": 100.0, "percent_statements_covered_display": "100", "num_branches": 0, "num_partial_branches": 0, "covered_branches": 0, "missing_branches": 0, "percent_branches_covered": 100.0, "percent_branches_covered_display": "100"}, "missing_lines": [], "excluded_lines": [], "start_line": 21, "executed_branches": [], "missing_branches": []}, "M0704Service.validate_request": {"executed_lines": [26], "summary": {"covered_lines": 1, "num_statements": 1, "percent_covered": 100.0, "percent_covered_display": "100", "missing_lines": 0, "excluded_lines": 0, "percent_statements_covered": 100.0, "percent_statements_covered_display": "100", "num_branches": 0, "num_partial_branches": 0, "covered_branches": 0, "missing_branches": 0, "percent_branches_covered": 100.0, "percent_branches_covered_display": "100"}, "missing_lines": [], "excluded_lines": [], "start_line": 25, "executed_branches": [], "missing_branches": []}, "M0704Service._execute_validated": {"executed_lines": [32], "summary": {"covered_lines": 1, "num_statements": 1, "percent_covered": 100.0, "percent_covered_display": "100", "missing_lines": 0, "excluded_lines": 0, "percent_statements_covered": 100.0, "percent_statements_covered_display": "100", "num_branches": 0, "num_partial_branches": 0, "covered_branches": 0, "missing_branches": 0, "percent_branches_covered": 100.0, "percent_branches_covered_display": "100"}, "missing_lines": [], "excluded_lines": [], "start_line": 28, "executed_branches": [], "missing_branches": []}, "M0704Service.execute": {"executed_lines": [35], "summary": {"covered_lines": 1, "num_statements": 1, "percent_covered": 100.0, "percent_covered_display": "100", "missing_lines": 0, "excluded_lines": 0, "percent_statements_covered": 100.0, "percent_statements_covered_display": "100", "num_branches": 0, "num_partial_branches": 0, "covered_branches": 0, "missing_branches": 0, "percent_branches_covered": 100.0, "percent_branches_covered_display": "100"}, "missing_lines": [], "excluded_lines": [], "start_line": 34, "executed_branches": [], "missing_branches": []}, "M0704Service.estimate": {"executed_lines": [40], "summary": {"covered_lines": 1, "num_statements": 1, "percent_covered": 100.0, "percent_covered_display": "100", "missing_lines": 0, "excluded_lines": 0, "percent_statements_covered": 100.0, "percent_statements_covered_display": "100", "num_branches": 0, "num_partial_branches": 0, "covered_branches": 0, "missing_branches": 0, "percent_branches_covered": 100.0, "percent_branches_covered_display": "100"}, "missing_lines": [], "excluded_lines": [], "start_line": 37, "executed_branches": [], "missing_branches": []}, "M0704Service.verify": {"executed_lines": [48], "summary": {"covered_lines": 1, "num_statements": 1, "percent_covered": 100.0, "percent_covered_display": "100", "missing_lines": 0, "excluded_lines": 0, "percent_statements_covered": 100.0, "percent_statements_covered_display": "100", "num_branches": 0, "num_partial_branches": 0, "covered_branches": 0, "missing_branches": 0, "percent_branches_covered": 100.0, "percent_branches_covered_display": "100"}, "missing_lines": [], "excluded_lines": [], "start_line": 42, "executed_branches": [], "missing_branches": []}, "": {"executed_lines": [3, 5, 7, 16, 19, 21, 24, 25, 28, 34, 37, 42, 51], "summary": {"covered_lines": 13, "num_statements": 13, "percent_covered": 100.0, "percent_covered_display": "100", "missing_lines": 0, "excluded_lines": 2, "percent_statements_covered": 100.0, "percent_statements_covered_display": "100", "num_branches": 0, "num_partial_branches": 0, "covered_branches": 0, "missing_branches": 0, "percent_branches_covered": 100.0, "percent_branches_covered_display": "100"}, "missing_lines": [], "excluded_lines": [9, 10], "start_line": 1, "executed_branches": [], "missing_branches": []}}, "classes": {"M0704Service": {"executed_lines": [22, 26, 32, 35, 40, 48], "summary": {"covered_lines": 6, "num_statements": 6, "percent_covered": 100.0, "percent_covered_display": "100", "missing_lines": 0, "excluded_lines": 0, "percent_statements_covered": 100.0, "percent_statements_covered_display": "100", "num_branches": 0, "num_partial_branches": 0, "covered_branches": 0, "missing_branches": 0, "percent_branches_covered": 100.0, "percent_branches_covered_display": "100"}, "missing_lines": [], "excluded_lines": [], "start_line": 16, "executed_branches": [], "missing_branches": []}, "": {"executed_lines": [3, 5, 7, 16, 19, 21, 24, 25, 28, 34, 37, 42, 51], "summary": {"covered_lines": 13, "num_statements": 13, "percent_covered": 100.0, "percent_covered_display": "100", "missing_lines": 0, "excluded_lines": 2, "percent_statements_covered": 100.0, "percent_statements_covered_display": "100", "num_branches": 0, "num_partial_branches": 0, "covered_branches": 0, "missing_branches": 0, "percent_branches_covered": 100.0, "percent_branches_covered_display": "100"}, "missing_lines": [], "excluded_lines": [9, 10], "start_line": 1, "executed_branches": [], "missing_branches": []}}}}, "totals": {"covered_lines": 579, "num_statements": 598, "percent_covered": 95.25745257452574, "percent_covered_display": "95", "missing_lines": 19, "excluded_lines": 8, "percent_statements_covered": 96.82274247491638, "percent_statements_covered_display": "97", "num_branches": 140, "num_partial_branches": 16, "covered_branches": 124, "missing_branches": 16, "percent_branches_covered": 88.57142857142857, "percent_branches_covered_display": "89"}}